ERROR - 2023-09-29 01:20:35 --> Error connecting to the database: mysqli_sql_exception: Access denied for user ''@'localhost' (using password: NO) in D:\SEMESTER 3\PRAKTIK PEMROGRAMAN BACK END\pertemuan 1\system\Database\MySQLi\Connection.php:185
Stack trace:
#0 D:\SEMESTER 3\PRAKTIK PEMROGRAMAN BACK END\pertemuan 1\system\Database\MySQLi\Connection.php(185): mysqli->real_connect('localhost', '', '', 'backend-kelasd', 3306, '', 0)
#1 D:\SEMESTER 3\PRAKTIK PEMROGRAMAN BACK END\pertemuan 1\system\Database\BaseConnection.php(391): CodeIgniter\Database\MySQLi\Connection->connect(false)
#2 D:\SEMESTER 3\PRAKTIK PEMROGRAMAN BACK END\pertemuan 1\system\Database\BaseConnection.php(574): CodeIgniter\Database\BaseConnection->initialize()
#3 D:\SEMESTER 3\PRAKTIK PEMROGRAMAN BACK END\pertemuan 1\system\Database\BaseBuilder.php(1615): CodeIgniter\Database\BaseConnection->query('SELECT *\nFROM `...', Array, false)
#4 D:\SEMESTER 3\PRAKTIK PEMROGRAMAN BACK END\pertemuan 1\system\Model.php(237): CodeIgniter\Database\BaseBuilder->get()
#5 D:\SEMESTER 3\PRAKTIK PEMROGRAMAN BACK END\pertemuan 1\system\BaseModel.php(624): CodeIgniter\Model->doFindAll(0, 0)
#6 D:\SEMESTER 3\PRAKTIK PEMROGRAMAN BACK END\pertemuan 1\app\Controllers\ProductController.php(21): CodeIgniter\BaseModel->findAll()
#7 D:\SEMESTER 3\PRAKTIK PEMROGRAMAN BACK END\pertemuan 1\system\CodeIgniter.php(919): App\Controllers\ProductController->readProduct()
#8 D:\SEMESTER 3\PRAKTIK PEMROGRAMAN BACK END\pertemuan 1\system\CodeIgniter.php(494): CodeIgniter\CodeIgniter->runController(Object(App\Controllers\ProductController))
#9 D:\SEMESTER 3\PRAKTIK PEMROGRAMAN BACK END\pertemuan 1\system\CodeIgniter.php(353): CodeIgniter\CodeIgniter->handleRequest(NULL, Object(Config\Cache), false)
#10 D:\SEMESTER 3\PRAKTIK PEMROGRAMAN BACK END\pertemuan 1\public\index.php(79): CodeIgniter\CodeIgniter->run()
#11 D:\SEMESTER 3\PRAKTIK PEMROGRAMAN BACK END\pertemuan 1\system\Commands\Server\rewrite.php(47): require_once('D:\\SEMESTER 3\\P...')
#12 {main}

Next CodeIgniter\Database\Exceptions\DatabaseException: Access denied for user ''@'localhost' (using password: NO) in D:\SEMESTER 3\PRAKTIK PEMROGRAMAN BACK END\pertemuan 1\system\Database\MySQLi\Connection.php:229
Stack trace:
#0 D:\SEMESTER 3\PRAKTIK PEMROGRAMAN BACK END\pertemuan 1\system\Database\BaseConnection.php(391): CodeIgniter\Database\MySQLi\Connection->connect(false)
#1 D:\SEMESTER 3\PRAKTIK PEMROGRAMAN BACK END\pertemuan 1\system\Database\BaseConnection.php(574): CodeIgniter\Database\BaseConnection->initialize()
#2 D:\SEMESTER 3\PRAKTIK PEMROGRAMAN BACK END\pertemuan 1\system\Database\BaseBuilder.php(1615): CodeIgniter\Database\BaseConnection->query('SELECT *\nFROM `...', Array, false)
#3 D:\SEMESTER 3\PRAKTIK PEMROGRAMAN BACK END\pertemuan 1\system\Model.php(237): CodeIgniter\Database\BaseBuilder->get()
#4 D:\SEMESTER 3\PRAKTIK PEMROGRAMAN BACK END\pertemuan 1\system\BaseModel.php(624): CodeIgniter\Model->doFindAll(0, 0)
#5 D:\SEMESTER 3\PRAKTIK PEMROGRAMAN BACK END\pertemuan 1\app\Controllers\ProductController.php(21): CodeIgniter\BaseModel->findAll()
#6 D:\SEMESTER 3\PRAKTIK PEMROGRAMAN BACK END\pertemuan 1\system\CodeIgniter.php(919): App\Controllers\ProductController->readProduct()
#7 D:\SEMESTER 3\PRAKTIK PEMROGRAMAN BACK END\pertemuan 1\system\CodeIgniter.php(494): CodeIgniter\CodeIgniter->runController(Object(App\Controllers\ProductController))
#8 D:\SEMESTER 3\PRAKTIK PEMROGRAMAN BACK END\pertemuan 1\system\CodeIgniter.php(353): CodeIgniter\CodeIgniter->handleRequest(NULL, Object(Config\Cache), false)
#9 D:\SEMESTER 3\PRAKTIK PEMROGRAMAN BACK END\pertemuan 1\public\index.php(79): CodeIgniter\CodeIgniter->run()
#10 D:\SEMESTER 3\PRAKTIK PEMROGRAMAN BACK END\pertemuan 1\system\Commands\Server\rewrite.php(47): require_once('D:\\SEMESTER 3\\P...')
#11 {main}
CRITICAL - 2023-09-29 01:20:35 --> Unable to connect to the database.
Main connection [MySQLi]: Access denied for user ''@'localhost' (using password: NO)
in SYSTEMPATH\Database\BaseConnection.php on line 427.
 1 SYSTEMPATH\Database\BaseConnection.php(574): CodeIgniter\Database\BaseConnection->initialize()
 2 SYSTEMPATH\Database\BaseBuilder.php(1615): CodeIgniter\Database\BaseConnection->query('SELECT *
FROM `products`', [], false)
 3 SYSTEMPATH\Model.php(237): CodeIgniter\Database\BaseBuilder->get()
 4 SYSTEMPATH\BaseModel.php(624): CodeIgniter\Model->doFindAll(0, 0)
 5 APPPATH\Controllers\ProductController.php(21): CodeIgniter\BaseModel->findAll()
 6 SYSTEMPATH\CodeIgniter.php(919): App\Controllers\ProductController->readProduct()
 7 SYSTEMPATH\CodeIgniter.php(494): CodeIgniter\CodeIgniter->runController(Object(App\Controllers\ProductController))
 8 SYSTEMPATH\CodeIgniter.php(353): CodeIgniter\CodeIgniter->handleRequest(null, Object(Config\Cache), false)
 9 FCPATH\index.php(79): CodeIgniter\CodeIgniter->run()
10 SYSTEMPATH\Commands\Server\rewrite.php(47): require_once('D:\\SEMESTER 3\\PRAKTIK PEMROGRAMAN BACK END\\pertemuan 1\\public\\index.php')
ERROR - 2023-09-29 01:20:36 --> Error connecting to the database: mysqli_sql_exception: Access denied for user ''@'localhost' (using password: NO) in D:\SEMESTER 3\PRAKTIK PEMROGRAMAN BACK END\pertemuan 1\system\Database\MySQLi\Connection.php:185
Stack trace:
#0 D:\SEMESTER 3\PRAKTIK PEMROGRAMAN BACK END\pertemuan 1\system\Database\MySQLi\Connection.php(185): mysqli->real_connect('localhost', '', '', 'backend-kelasd', 3306, '', 0)
#1 D:\SEMESTER 3\PRAKTIK PEMROGRAMAN BACK END\pertemuan 1\system\Database\BaseConnection.php(391): CodeIgniter\Database\MySQLi\Connection->connect(false)
#2 D:\SEMESTER 3\PRAKTIK PEMROGRAMAN BACK END\pertemuan 1\system\Database\BaseConnection.php(574): CodeIgniter\Database\BaseConnection->initialize()
#3 D:\SEMESTER 3\PRAKTIK PEMROGRAMAN BACK END\pertemuan 1\system\Database\BaseBuilder.php(1615): CodeIgniter\Database\BaseConnection->query('SELECT *\nFROM `...', Array, false)
#4 D:\SEMESTER 3\PRAKTIK PEMROGRAMAN BACK END\pertemuan 1\system\Model.php(237): CodeIgniter\Database\BaseBuilder->get()
#5 D:\SEMESTER 3\PRAKTIK PEMROGRAMAN BACK END\pertemuan 1\system\BaseModel.php(624): CodeIgniter\Model->doFindAll(0, 0)
#6 D:\SEMESTER 3\PRAKTIK PEMROGRAMAN BACK END\pertemuan 1\app\Controllers\ProductController.php(21): CodeIgniter\BaseModel->findAll()
#7 D:\SEMESTER 3\PRAKTIK PEMROGRAMAN BACK END\pertemuan 1\system\CodeIgniter.php(919): App\Controllers\ProductController->readProduct()
#8 D:\SEMESTER 3\PRAKTIK PEMROGRAMAN BACK END\pertemuan 1\system\CodeIgniter.php(494): CodeIgniter\CodeIgniter->runController(Object(App\Controllers\ProductController))
#9 D:\SEMESTER 3\PRAKTIK PEMROGRAMAN BACK END\pertemuan 1\system\CodeIgniter.php(353): CodeIgniter\CodeIgniter->handleRequest(NULL, Object(Config\Cache), false)
#10 D:\SEMESTER 3\PRAKTIK PEMROGRAMAN BACK END\pertemuan 1\public\index.php(79): CodeIgniter\CodeIgniter->run()
#11 D:\SEMESTER 3\PRAKTIK PEMROGRAMAN BACK END\pertemuan 1\system\Commands\Server\rewrite.php(47): require_once('D:\\SEMESTER 3\\P...')
#12 {main}

Next CodeIgniter\Database\Exceptions\DatabaseException: Access denied for user ''@'localhost' (using password: NO) in D:\SEMESTER 3\PRAKTIK PEMROGRAMAN BACK END\pertemuan 1\system\Database\MySQLi\Connection.php:229
Stack trace:
#0 D:\SEMESTER 3\PRAKTIK PEMROGRAMAN BACK END\pertemuan 1\system\Database\BaseConnection.php(391): CodeIgniter\Database\MySQLi\Connection->connect(false)
#1 D:\SEMESTER 3\PRAKTIK PEMROGRAMAN BACK END\pertemuan 1\system\Database\BaseConnection.php(574): CodeIgniter\Database\BaseConnection->initialize()
#2 D:\SEMESTER 3\PRAKTIK PEMROGRAMAN BACK END\pertemuan 1\system\Database\BaseBuilder.php(1615): CodeIgniter\Database\BaseConnection->query('SELECT *\nFROM `...', Array, false)
#3 D:\SEMESTER 3\PRAKTIK PEMROGRAMAN BACK END\pertemuan 1\system\Model.php(237): CodeIgniter\Database\BaseBuilder->get()
#4 D:\SEMESTER 3\PRAKTIK PEMROGRAMAN BACK END\pertemuan 1\system\BaseModel.php(624): CodeIgniter\Model->doFindAll(0, 0)
#5 D:\SEMESTER 3\PRAKTIK PEMROGRAMAN BACK END\pertemuan 1\app\Controllers\ProductController.php(21): CodeIgniter\BaseModel->findAll()
#6 D:\SEMESTER 3\PRAKTIK PEMROGRAMAN BACK END\pertemuan 1\system\CodeIgniter.php(919): App\Controllers\ProductController->readProduct()
#7 D:\SEMESTER 3\PRAKTIK PEMROGRAMAN BACK END\pertemuan 1\system\CodeIgniter.php(494): CodeIgniter\CodeIgniter->runController(Object(App\Controllers\ProductController))
#8 D:\SEMESTER 3\PRAKTIK PEMROGRAMAN BACK END\pertemuan 1\system\CodeIgniter.php(353): CodeIgniter\CodeIgniter->handleRequest(NULL, Object(Config\Cache), false)
#9 D:\SEMESTER 3\PRAKTIK PEMROGRAMAN BACK END\pertemuan 1\public\index.php(79): CodeIgniter\CodeIgniter->run()
#10 D:\SEMESTER 3\PRAKTIK PEMROGRAMAN BACK END\pertemuan 1\system\Commands\Server\rewrite.php(47): require_once('D:\\SEMESTER 3\\P...')
#11 {main}
CRITICAL - 2023-09-29 01:20:36 --> Unable to connect to the database.
Main connection [MySQLi]: Access denied for user ''@'localhost' (using password: NO)
in SYSTEMPATH\Database\BaseConnection.php on line 427.
 1 SYSTEMPATH\Database\BaseConnection.php(574): CodeIgniter\Database\BaseConnection->initialize()
 2 SYSTEMPATH\Database\BaseBuilder.php(1615): CodeIgniter\Database\BaseConnection->query('SELECT *
FROM `products`', [], false)
 3 SYSTEMPATH\Model.php(237): CodeIgniter\Database\BaseBuilder->get()
 4 SYSTEMPATH\BaseModel.php(624): CodeIgniter\Model->doFindAll(0, 0)
 5 APPPATH\Controllers\ProductController.php(21): CodeIgniter\BaseModel->findAll()
 6 SYSTEMPATH\CodeIgniter.php(919): App\Controllers\ProductController->readProduct()
 7 SYSTEMPATH\CodeIgniter.php(494): CodeIgniter\CodeIgniter->runController(Object(App\Controllers\ProductController))
 8 SYSTEMPATH\CodeIgniter.php(353): CodeIgniter\CodeIgniter->handleRequest(null, Object(Config\Cache), false)
 9 FCPATH\index.php(79): CodeIgniter\CodeIgniter->run()
10 SYSTEMPATH\Commands\Server\rewrite.php(47): require_once('D:\\SEMESTER 3\\PRAKTIK PEMROGRAMAN BACK END\\pertemuan 1\\public\\index.php')
ERROR - 2023-09-29 01:20:37 --> Error connecting to the database: mysqli_sql_exception: Access denied for user ''@'localhost' (using password: NO) in D:\SEMESTER 3\PRAKTIK PEMROGRAMAN BACK END\pertemuan 1\system\Database\MySQLi\Connection.php:185
Stack trace:
#0 D:\SEMESTER 3\PRAKTIK PEMROGRAMAN BACK END\pertemuan 1\system\Database\MySQLi\Connection.php(185): mysqli->real_connect('localhost', '', '', 'backend-kelasd', 3306, '', 0)
#1 D:\SEMESTER 3\PRAKTIK PEMROGRAMAN BACK END\pertemuan 1\system\Database\BaseConnection.php(391): CodeIgniter\Database\MySQLi\Connection->connect(false)
#2 D:\SEMESTER 3\PRAKTIK PEMROGRAMAN BACK END\pertemuan 1\system\Database\BaseConnection.php(574): CodeIgniter\Database\BaseConnection->initialize()
#3 D:\SEMESTER 3\PRAKTIK PEMROGRAMAN BACK END\pertemuan 1\system\Database\BaseBuilder.php(1615): CodeIgniter\Database\BaseConnection->query('SELECT *\nFROM `...', Array, false)
#4 D:\SEMESTER 3\PRAKTIK PEMROGRAMAN BACK END\pertemuan 1\system\Model.php(237): CodeIgniter\Database\BaseBuilder->get()
#5 D:\SEMESTER 3\PRAKTIK PEMROGRAMAN BACK END\pertemuan 1\system\BaseModel.php(624): CodeIgniter\Model->doFindAll(0, 0)
#6 D:\SEMESTER 3\PRAKTIK PEMROGRAMAN BACK END\pertemuan 1\app\Controllers\ProductController.php(21): CodeIgniter\BaseModel->findAll()
#7 D:\SEMESTER 3\PRAKTIK PEMROGRAMAN BACK END\pertemuan 1\system\CodeIgniter.php(919): App\Controllers\ProductController->readProduct()
#8 D:\SEMESTER 3\PRAKTIK PEMROGRAMAN BACK END\pertemuan 1\system\CodeIgniter.php(494): CodeIgniter\CodeIgniter->runController(Object(App\Controllers\ProductController))
#9 D:\SEMESTER 3\PRAKTIK PEMROGRAMAN BACK END\pertemuan 1\system\CodeIgniter.php(353): CodeIgniter\CodeIgniter->handleRequest(NULL, Object(Config\Cache), false)
#10 D:\SEMESTER 3\PRAKTIK PEMROGRAMAN BACK END\pertemuan 1\public\index.php(79): CodeIgniter\CodeIgniter->run()
#11 D:\SEMESTER 3\PRAKTIK PEMROGRAMAN BACK END\pertemuan 1\system\Commands\Server\rewrite.php(47): require_once('D:\\SEMESTER 3\\P...')
#12 {main}

Next CodeIgniter\Database\Exceptions\DatabaseException: Access denied for user ''@'localhost' (using password: NO) in D:\SEMESTER 3\PRAKTIK PEMROGRAMAN BACK END\pertemuan 1\system\Database\MySQLi\Connection.php:229
Stack trace:
#0 D:\SEMESTER 3\PRAKTIK PEMROGRAMAN BACK END\pertemuan 1\system\Database\BaseConnection.php(391): CodeIgniter\Database\MySQLi\Connection->connect(false)
#1 D:\SEMESTER 3\PRAKTIK PEMROGRAMAN BACK END\pertemuan 1\system\Database\BaseConnection.php(574): CodeIgniter\Database\BaseConnection->initialize()
#2 D:\SEMESTER 3\PRAKTIK PEMROGRAMAN BACK END\pertemuan 1\system\Database\BaseBuilder.php(1615): CodeIgniter\Database\BaseConnection->query('SELECT *\nFROM `...', Array, false)
#3 D:\SEMESTER 3\PRAKTIK PEMROGRAMAN BACK END\pertemuan 1\system\Model.php(237): CodeIgniter\Database\BaseBuilder->get()
#4 D:\SEMESTER 3\PRAKTIK PEMROGRAMAN BACK END\pertemuan 1\system\BaseModel.php(624): CodeIgniter\Model->doFindAll(0, 0)
#5 D:\SEMESTER 3\PRAKTIK PEMROGRAMAN BACK END\pertemuan 1\app\Controllers\ProductController.php(21): CodeIgniter\BaseModel->findAll()
#6 D:\SEMESTER 3\PRAKTIK PEMROGRAMAN BACK END\pertemuan 1\system\CodeIgniter.php(919): App\Controllers\ProductController->readProduct()
#7 D:\SEMESTER 3\PRAKTIK PEMROGRAMAN BACK END\pertemuan 1\system\CodeIgniter.php(494): CodeIgniter\CodeIgniter->runController(Object(App\Controllers\ProductController))
#8 D:\SEMESTER 3\PRAKTIK PEMROGRAMAN BACK END\pertemuan 1\system\CodeIgniter.php(353): CodeIgniter\CodeIgniter->handleRequest(NULL, Object(Config\Cache), false)
#9 D:\SEMESTER 3\PRAKTIK PEMROGRAMAN BACK END\pertemuan 1\public\index.php(79): CodeIgniter\CodeIgniter->run()
#10 D:\SEMESTER 3\PRAKTIK PEMROGRAMAN BACK END\pertemuan 1\system\Commands\Server\rewrite.php(47): require_once('D:\\SEMESTER 3\\P...')
#11 {main}
CRITICAL - 2023-09-29 01:20:37 --> Unable to connect to the database.
Main connection [MySQLi]: Access denied for user ''@'localhost' (using password: NO)
in SYSTEMPATH\Database\BaseConnection.php on line 427.
 1 SYSTEMPATH\Database\BaseConnection.php(574): CodeIgniter\Database\BaseConnection->initialize()
 2 SYSTEMPATH\Database\BaseBuilder.php(1615): CodeIgniter\Database\BaseConnection->query('SELECT *
FROM `products`', [], false)
 3 SYSTEMPATH\Model.php(237): CodeIgniter\Database\BaseBuilder->get()
 4 SYSTEMPATH\BaseModel.php(624): CodeIgniter\Model->doFindAll(0, 0)
 5 APPPATH\Controllers\ProductController.php(21): CodeIgniter\BaseModel->findAll()
 6 SYSTEMPATH\CodeIgniter.php(919): App\Controllers\ProductController->readProduct()
 7 SYSTEMPATH\CodeIgniter.php(494): CodeIgniter\CodeIgniter->runController(Object(App\Controllers\ProductController))
 8 SYSTEMPATH\CodeIgniter.php(353): CodeIgniter\CodeIgniter->handleRequest(null, Object(Config\Cache), false)
 9 FCPATH\index.php(79): CodeIgniter\CodeIgniter->run()
10 SYSTEMPATH\Commands\Server\rewrite.php(47): require_once('D:\\SEMESTER 3\\PRAKTIK PEMROGRAMAN BACK END\\pertemuan 1\\public\\index.php')
CRITICAL - 2023-09-29 04:12:45 --> Too few arguments to function App\Controllers\ProductController::getProduct(), 0 passed in D:\SEMESTER 3\PRAKTIK PEMROGRAMAN BACK END\pertemuan 1\system\CodeIgniter.php on line 919 and exactly 1 expected
in APPPATH\Controllers\ProductController.php on line 29.
 1 SYSTEMPATH\CodeIgniter.php(919): App\Controllers\ProductController->getProduct()
 2 SYSTEMPATH\CodeIgniter.php(494): CodeIgniter\CodeIgniter->runController(Object(App\Controllers\ProductController))
 3 SYSTEMPATH\CodeIgniter.php(353): CodeIgniter\CodeIgniter->handleRequest(null, Object(Config\Cache), false)
 4 FCPATH\index.php(79): CodeIgniter\CodeIgniter->run()
 5 SYSTEMPATH\Commands\Server\rewrite.php(47): require_once('D:\\SEMESTER 3\\PRAKTIK PEMROGRAMAN BACK END\\pertemuan 1\\public\\index.php')
ERROR - 2023-09-29 04:14:38 --> Error connecting to the database: mysqli_sql_exception: Access denied for user 'root'@'localhost' (using password: YES) in D:\SEMESTER 3\PRAKTIK PEMROGRAMAN BACK END\pertemuan 1\system\Database\MySQLi\Connection.php:185
Stack trace:
#0 D:\SEMESTER 3\PRAKTIK PEMROGRAMAN BACK END\pertemuan 1\system\Database\MySQLi\Connection.php(185): mysqli->real_connect('localhost', 'root', 'root', 'ci4', 3306, '', 0)
#1 D:\SEMESTER 3\PRAKTIK PEMROGRAMAN BACK END\pertemuan 1\system\Database\BaseConnection.php(391): CodeIgniter\Database\MySQLi\Connection->connect(false)
#2 D:\SEMESTER 3\PRAKTIK PEMROGRAMAN BACK END\pertemuan 1\system\Database\BaseConnection.php(574): CodeIgniter\Database\BaseConnection->initialize()
#3 D:\SEMESTER 3\PRAKTIK PEMROGRAMAN BACK END\pertemuan 1\system\Database\BaseBuilder.php(1615): CodeIgniter\Database\BaseConnection->query('SELECT *\nFROM `...', Array, false)
#4 D:\SEMESTER 3\PRAKTIK PEMROGRAMAN BACK END\pertemuan 1\system\Model.php(237): CodeIgniter\Database\BaseBuilder->get()
#5 D:\SEMESTER 3\PRAKTIK PEMROGRAMAN BACK END\pertemuan 1\system\BaseModel.php(624): CodeIgniter\Model->doFindAll(0, 0)
#6 D:\SEMESTER 3\PRAKTIK PEMROGRAMAN BACK END\pertemuan 1\app\Controllers\ProductController.php(21): CodeIgniter\BaseModel->findAll()
#7 D:\SEMESTER 3\PRAKTIK PEMROGRAMAN BACK END\pertemuan 1\system\CodeIgniter.php(919): App\Controllers\ProductController->readProduct()
#8 D:\SEMESTER 3\PRAKTIK PEMROGRAMAN BACK END\pertemuan 1\system\CodeIgniter.php(494): CodeIgniter\CodeIgniter->runController(Object(App\Controllers\ProductController))
#9 D:\SEMESTER 3\PRAKTIK PEMROGRAMAN BACK END\pertemuan 1\system\CodeIgniter.php(353): CodeIgniter\CodeIgniter->handleRequest(NULL, Object(Config\Cache), false)
#10 D:\SEMESTER 3\PRAKTIK PEMROGRAMAN BACK END\pertemuan 1\public\index.php(79): CodeIgniter\CodeIgniter->run()
#11 D:\SEMESTER 3\PRAKTIK PEMROGRAMAN BACK END\pertemuan 1\system\Commands\Server\rewrite.php(47): require_once('D:\\SEMESTER 3\\P...')
#12 {main}

Next CodeIgniter\Database\Exceptions\DatabaseException: Access denied for user '****'@'localhost' (using password: YES) in D:\SEMESTER 3\PRAKTIK PEMROGRAMAN BACK END\pertemuan 1\system\Database\MySQLi\Connection.php:229
Stack trace:
#0 D:\SEMESTER 3\PRAKTIK PEMROGRAMAN BACK END\pertemuan 1\system\Database\BaseConnection.php(391): CodeIgniter\Database\MySQLi\Connection->connect(false)
#1 D:\SEMESTER 3\PRAKTIK PEMROGRAMAN BACK END\pertemuan 1\system\Database\BaseConnection.php(574): CodeIgniter\Database\BaseConnection->initialize()
#2 D:\SEMESTER 3\PRAKTIK PEMROGRAMAN BACK END\pertemuan 1\system\Database\BaseBuilder.php(1615): CodeIgniter\Database\BaseConnection->query('SELECT *\nFROM `...', Array, false)
#3 D:\SEMESTER 3\PRAKTIK PEMROGRAMAN BACK END\pertemuan 1\system\Model.php(237): CodeIgniter\Database\BaseBuilder->get()
#4 D:\SEMESTER 3\PRAKTIK PEMROGRAMAN BACK END\pertemuan 1\system\BaseModel.php(624): CodeIgniter\Model->doFindAll(0, 0)
#5 D:\SEMESTER 3\PRAKTIK PEMROGRAMAN BACK END\pertemuan 1\app\Controllers\ProductController.php(21): CodeIgniter\BaseModel->findAll()
#6 D:\SEMESTER 3\PRAKTIK PEMROGRAMAN BACK END\pertemuan 1\system\CodeIgniter.php(919): App\Controllers\ProductController->readProduct()
#7 D:\SEMESTER 3\PRAKTIK PEMROGRAMAN BACK END\pertemuan 1\system\CodeIgniter.php(494): CodeIgniter\CodeIgniter->runController(Object(App\Controllers\ProductController))
#8 D:\SEMESTER 3\PRAKTIK PEMROGRAMAN BACK END\pertemuan 1\system\CodeIgniter.php(353): CodeIgniter\CodeIgniter->handleRequest(NULL, Object(Config\Cache), false)
#9 D:\SEMESTER 3\PRAKTIK PEMROGRAMAN BACK END\pertemuan 1\public\index.php(79): CodeIgniter\CodeIgniter->run()
#10 D:\SEMESTER 3\PRAKTIK PEMROGRAMAN BACK END\pertemuan 1\system\Commands\Server\rewrite.php(47): require_once('D:\\SEMESTER 3\\P...')
#11 {main}
CRITICAL - 2023-09-29 04:14:38 --> Unable to connect to the database.
Main connection [MySQLi]: Access denied for user '****'@'localhost' (using password: YES)
in SYSTEMPATH\Database\BaseConnection.php on line 427.
 1 SYSTEMPATH\Database\BaseConnection.php(574): CodeIgniter\Database\BaseConnection->initialize()
 2 SYSTEMPATH\Database\BaseBuilder.php(1615): CodeIgniter\Database\BaseConnection->query('SELECT *
FROM `products`', [], false)
 3 SYSTEMPATH\Model.php(237): CodeIgniter\Database\BaseBuilder->get()
 4 SYSTEMPATH\BaseModel.php(624): CodeIgniter\Model->doFindAll(0, 0)
 5 APPPATH\Controllers\ProductController.php(21): CodeIgniter\BaseModel->findAll()
 6 SYSTEMPATH\CodeIgniter.php(919): App\Controllers\ProductController->readProduct()
 7 SYSTEMPATH\CodeIgniter.php(494): CodeIgniter\CodeIgniter->runController(Object(App\Controllers\ProductController))
 8 SYSTEMPATH\CodeIgniter.php(353): CodeIgniter\CodeIgniter->handleRequest(null, Object(Config\Cache), false)
 9 FCPATH\index.php(79): CodeIgniter\CodeIgniter->run()
10 SYSTEMPATH\Commands\Server\rewrite.php(47): require_once('D:\\SEMESTER 3\\PRAKTIK PEMROGRAMAN BACK END\\pertemuan 1\\public\\index.php')
ERROR - 2023-09-29 04:14:46 --> Error connecting to the database: mysqli_sql_exception: Access denied for user 'root'@'localhost' (using password: YES) in D:\SEMESTER 3\PRAKTIK PEMROGRAMAN BACK END\pertemuan 1\system\Database\MySQLi\Connection.php:185
Stack trace:
#0 D:\SEMESTER 3\PRAKTIK PEMROGRAMAN BACK END\pertemuan 1\system\Database\MySQLi\Connection.php(185): mysqli->real_connect('localhost', 'root', 'root', 'ci4', 3306, '', 0)
#1 D:\SEMESTER 3\PRAKTIK PEMROGRAMAN BACK END\pertemuan 1\system\Database\BaseConnection.php(391): CodeIgniter\Database\MySQLi\Connection->connect(false)
#2 D:\SEMESTER 3\PRAKTIK PEMROGRAMAN BACK END\pertemuan 1\system\Database\BaseConnection.php(574): CodeIgniter\Database\BaseConnection->initialize()
#3 D:\SEMESTER 3\PRAKTIK PEMROGRAMAN BACK END\pertemuan 1\system\Database\BaseBuilder.php(1615): CodeIgniter\Database\BaseConnection->query('SELECT *\nFROM `...', Array, false)
#4 D:\SEMESTER 3\PRAKTIK PEMROGRAMAN BACK END\pertemuan 1\system\Model.php(237): CodeIgniter\Database\BaseBuilder->get()
#5 D:\SEMESTER 3\PRAKTIK PEMROGRAMAN BACK END\pertemuan 1\system\BaseModel.php(624): CodeIgniter\Model->doFindAll(0, 0)
#6 D:\SEMESTER 3\PRAKTIK PEMROGRAMAN BACK END\pertemuan 1\app\Controllers\ProductController.php(21): CodeIgniter\BaseModel->findAll()
#7 D:\SEMESTER 3\PRAKTIK PEMROGRAMAN BACK END\pertemuan 1\system\CodeIgniter.php(919): App\Controllers\ProductController->readProduct()
#8 D:\SEMESTER 3\PRAKTIK PEMROGRAMAN BACK END\pertemuan 1\system\CodeIgniter.php(494): CodeIgniter\CodeIgniter->runController(Object(App\Controllers\ProductController))
#9 D:\SEMESTER 3\PRAKTIK PEMROGRAMAN BACK END\pertemuan 1\system\CodeIgniter.php(353): CodeIgniter\CodeIgniter->handleRequest(NULL, Object(Config\Cache), false)
#10 D:\SEMESTER 3\PRAKTIK PEMROGRAMAN BACK END\pertemuan 1\public\index.php(79): CodeIgniter\CodeIgniter->run()
#11 D:\SEMESTER 3\PRAKTIK PEMROGRAMAN BACK END\pertemuan 1\system\Commands\Server\rewrite.php(47): require_once('D:\\SEMESTER 3\\P...')
#12 {main}

Next CodeIgniter\Database\Exceptions\DatabaseException: Access denied for user '****'@'localhost' (using password: YES) in D:\SEMESTER 3\PRAKTIK PEMROGRAMAN BACK END\pertemuan 1\system\Database\MySQLi\Connection.php:229
Stack trace:
#0 D:\SEMESTER 3\PRAKTIK PEMROGRAMAN BACK END\pertemuan 1\system\Database\BaseConnection.php(391): CodeIgniter\Database\MySQLi\Connection->connect(false)
#1 D:\SEMESTER 3\PRAKTIK PEMROGRAMAN BACK END\pertemuan 1\system\Database\BaseConnection.php(574): CodeIgniter\Database\BaseConnection->initialize()
#2 D:\SEMESTER 3\PRAKTIK PEMROGRAMAN BACK END\pertemuan 1\system\Database\BaseBuilder.php(1615): CodeIgniter\Database\BaseConnection->query('SELECT *\nFROM `...', Array, false)
#3 D:\SEMESTER 3\PRAKTIK PEMROGRAMAN BACK END\pertemuan 1\system\Model.php(237): CodeIgniter\Database\BaseBuilder->get()
#4 D:\SEMESTER 3\PRAKTIK PEMROGRAMAN BACK END\pertemuan 1\system\BaseModel.php(624): CodeIgniter\Model->doFindAll(0, 0)
#5 D:\SEMESTER 3\PRAKTIK PEMROGRAMAN BACK END\pertemuan 1\app\Controllers\ProductController.php(21): CodeIgniter\BaseModel->findAll()
#6 D:\SEMESTER 3\PRAKTIK PEMROGRAMAN BACK END\pertemuan 1\system\CodeIgniter.php(919): App\Controllers\ProductController->readProduct()
#7 D:\SEMESTER 3\PRAKTIK PEMROGRAMAN BACK END\pertemuan 1\system\CodeIgniter.php(494): CodeIgniter\CodeIgniter->runController(Object(App\Controllers\ProductController))
#8 D:\SEMESTER 3\PRAKTIK PEMROGRAMAN BACK END\pertemuan 1\system\CodeIgniter.php(353): CodeIgniter\CodeIgniter->handleRequest(NULL, Object(Config\Cache), false)
#9 D:\SEMESTER 3\PRAKTIK PEMROGRAMAN BACK END\pertemuan 1\public\index.php(79): CodeIgniter\CodeIgniter->run()
#10 D:\SEMESTER 3\PRAKTIK PEMROGRAMAN BACK END\pertemuan 1\system\Commands\Server\rewrite.php(47): require_once('D:\\SEMESTER 3\\P...')
#11 {main}
CRITICAL - 2023-09-29 04:14:46 --> Unable to connect to the database.
Main connection [MySQLi]: Access denied for user '****'@'localhost' (using password: YES)
in SYSTEMPATH\Database\BaseConnection.php on line 427.
 1 SYSTEMPATH\Database\BaseConnection.php(574): CodeIgniter\Database\BaseConnection->initialize()
 2 SYSTEMPATH\Database\BaseBuilder.php(1615): CodeIgniter\Database\BaseConnection->query('SELECT *
FROM `products`', [], false)
 3 SYSTEMPATH\Model.php(237): CodeIgniter\Database\BaseBuilder->get()
 4 SYSTEMPATH\BaseModel.php(624): CodeIgniter\Model->doFindAll(0, 0)
 5 APPPATH\Controllers\ProductController.php(21): CodeIgniter\BaseModel->findAll()
 6 SYSTEMPATH\CodeIgniter.php(919): App\Controllers\ProductController->readProduct()
 7 SYSTEMPATH\CodeIgniter.php(494): CodeIgniter\CodeIgniter->runController(Object(App\Controllers\ProductController))
 8 SYSTEMPATH\CodeIgniter.php(353): CodeIgniter\CodeIgniter->handleRequest(null, Object(Config\Cache), false)
 9 FCPATH\index.php(79): CodeIgniter\CodeIgniter->run()
10 SYSTEMPATH\Commands\Server\rewrite.php(47): require_once('D:\\SEMESTER 3\\PRAKTIK PEMROGRAMAN BACK END\\pertemuan 1\\public\\index.php')
ERROR - 2023-09-29 04:15:09 --> Error connecting to the database: mysqli_sql_exception: Access denied for user 'root'@'localhost' (using password: YES) in D:\SEMESTER 3\PRAKTIK PEMROGRAMAN BACK END\pertemuan 1\system\Database\MySQLi\Connection.php:185
Stack trace:
#0 D:\SEMESTER 3\PRAKTIK PEMROGRAMAN BACK END\pertemuan 1\system\Database\MySQLi\Connection.php(185): mysqli->real_connect('127.0.0.1', 'root', 'root', 'ci4', 3306, '', 0)
#1 D:\SEMESTER 3\PRAKTIK PEMROGRAMAN BACK END\pertemuan 1\system\Database\BaseConnection.php(391): CodeIgniter\Database\MySQLi\Connection->connect(false)
#2 D:\SEMESTER 3\PRAKTIK PEMROGRAMAN BACK END\pertemuan 1\system\Database\BaseConnection.php(574): CodeIgniter\Database\BaseConnection->initialize()
#3 D:\SEMESTER 3\PRAKTIK PEMROGRAMAN BACK END\pertemuan 1\system\Database\BaseBuilder.php(1615): CodeIgniter\Database\BaseConnection->query('SELECT *\nFROM `...', Array, false)
#4 D:\SEMESTER 3\PRAKTIK PEMROGRAMAN BACK END\pertemuan 1\system\Model.php(237): CodeIgniter\Database\BaseBuilder->get()
#5 D:\SEMESTER 3\PRAKTIK PEMROGRAMAN BACK END\pertemuan 1\system\BaseModel.php(624): CodeIgniter\Model->doFindAll(0, 0)
#6 D:\SEMESTER 3\PRAKTIK PEMROGRAMAN BACK END\pertemuan 1\app\Controllers\ProductController.php(21): CodeIgniter\BaseModel->findAll()
#7 D:\SEMESTER 3\PRAKTIK PEMROGRAMAN BACK END\pertemuan 1\system\CodeIgniter.php(919): App\Controllers\ProductController->readProduct()
#8 D:\SEMESTER 3\PRAKTIK PEMROGRAMAN BACK END\pertemuan 1\system\CodeIgniter.php(494): CodeIgniter\CodeIgniter->runController(Object(App\Controllers\ProductController))
#9 D:\SEMESTER 3\PRAKTIK PEMROGRAMAN BACK END\pertemuan 1\system\CodeIgniter.php(353): CodeIgniter\CodeIgniter->handleRequest(NULL, Object(Config\Cache), false)
#10 D:\SEMESTER 3\PRAKTIK PEMROGRAMAN BACK END\pertemuan 1\public\index.php(79): CodeIgniter\CodeIgniter->run()
#11 D:\SEMESTER 3\PRAKTIK PEMROGRAMAN BACK END\pertemuan 1\system\Commands\Server\rewrite.php(47): require_once('D:\\SEMESTER 3\\P...')
#12 {main}

Next CodeIgniter\Database\Exceptions\DatabaseException: Access denied for user '****'@'localhost' (using password: YES) in D:\SEMESTER 3\PRAKTIK PEMROGRAMAN BACK END\pertemuan 1\system\Database\MySQLi\Connection.php:229
Stack trace:
#0 D:\SEMESTER 3\PRAKTIK PEMROGRAMAN BACK END\pertemuan 1\system\Database\BaseConnection.php(391): CodeIgniter\Database\MySQLi\Connection->connect(false)
#1 D:\SEMESTER 3\PRAKTIK PEMROGRAMAN BACK END\pertemuan 1\system\Database\BaseConnection.php(574): CodeIgniter\Database\BaseConnection->initialize()
#2 D:\SEMESTER 3\PRAKTIK PEMROGRAMAN BACK END\pertemuan 1\system\Database\BaseBuilder.php(1615): CodeIgniter\Database\BaseConnection->query('SELECT *\nFROM `...', Array, false)
#3 D:\SEMESTER 3\PRAKTIK PEMROGRAMAN BACK END\pertemuan 1\system\Model.php(237): CodeIgniter\Database\BaseBuilder->get()
#4 D:\SEMESTER 3\PRAKTIK PEMROGRAMAN BACK END\pertemuan 1\system\BaseModel.php(624): CodeIgniter\Model->doFindAll(0, 0)
#5 D:\SEMESTER 3\PRAKTIK PEMROGRAMAN BACK END\pertemuan 1\app\Controllers\ProductController.php(21): CodeIgniter\BaseModel->findAll()
#6 D:\SEMESTER 3\PRAKTIK PEMROGRAMAN BACK END\pertemuan 1\system\CodeIgniter.php(919): App\Controllers\ProductController->readProduct()
#7 D:\SEMESTER 3\PRAKTIK PEMROGRAMAN BACK END\pertemuan 1\system\CodeIgniter.php(494): CodeIgniter\CodeIgniter->runController(Object(App\Controllers\ProductController))
#8 D:\SEMESTER 3\PRAKTIK PEMROGRAMAN BACK END\pertemuan 1\system\CodeIgniter.php(353): CodeIgniter\CodeIgniter->handleRequest(NULL, Object(Config\Cache), false)
#9 D:\SEMESTER 3\PRAKTIK PEMROGRAMAN BACK END\pertemuan 1\public\index.php(79): CodeIgniter\CodeIgniter->run()
#10 D:\SEMESTER 3\PRAKTIK PEMROGRAMAN BACK END\pertemuan 1\system\Commands\Server\rewrite.php(47): require_once('D:\\SEMESTER 3\\P...')
#11 {main}
CRITICAL - 2023-09-29 04:15:09 --> Unable to connect to the database.
Main connection [MySQLi]: Access denied for user '****'@'localhost' (using password: YES)
in SYSTEMPATH\Database\BaseConnection.php on line 427.
 1 SYSTEMPATH\Database\BaseConnection.php(574): CodeIgniter\Database\BaseConnection->initialize()
 2 SYSTEMPATH\Database\BaseBuilder.php(1615): CodeIgniter\Database\BaseConnection->query('SELECT *
FROM `products`', [], false)
 3 SYSTEMPATH\Model.php(237): CodeIgniter\Database\BaseBuilder->get()
 4 SYSTEMPATH\BaseModel.php(624): CodeIgniter\Model->doFindAll(0, 0)
 5 APPPATH\Controllers\ProductController.php(21): CodeIgniter\BaseModel->findAll()
 6 SYSTEMPATH\CodeIgniter.php(919): App\Controllers\ProductController->readProduct()
 7 SYSTEMPATH\CodeIgniter.php(494): CodeIgniter\CodeIgniter->runController(Object(App\Controllers\ProductController))
 8 SYSTEMPATH\CodeIgniter.php(353): CodeIgniter\CodeIgniter->handleRequest(null, Object(Config\Cache), false)
 9 FCPATH\index.php(79): CodeIgniter\CodeIgniter->run()
10 SYSTEMPATH\Commands\Server\rewrite.php(47): require_once('D:\\SEMESTER 3\\PRAKTIK PEMROGRAMAN BACK END\\pertemuan 1\\public\\index.php')
ERROR - 2023-09-29 04:15:10 --> Error connecting to the database: mysqli_sql_exception: Access denied for user 'root'@'localhost' (using password: YES) in D:\SEMESTER 3\PRAKTIK PEMROGRAMAN BACK END\pertemuan 1\system\Database\MySQLi\Connection.php:185
Stack trace:
#0 D:\SEMESTER 3\PRAKTIK PEMROGRAMAN BACK END\pertemuan 1\system\Database\MySQLi\Connection.php(185): mysqli->real_connect('127.0.0.1', 'root', 'root', 'ci4', 3306, '', 0)
#1 D:\SEMESTER 3\PRAKTIK PEMROGRAMAN BACK END\pertemuan 1\system\Database\BaseConnection.php(391): CodeIgniter\Database\MySQLi\Connection->connect(false)
#2 D:\SEMESTER 3\PRAKTIK PEMROGRAMAN BACK END\pertemuan 1\system\Database\BaseConnection.php(574): CodeIgniter\Database\BaseConnection->initialize()
#3 D:\SEMESTER 3\PRAKTIK PEMROGRAMAN BACK END\pertemuan 1\system\Database\BaseBuilder.php(1615): CodeIgniter\Database\BaseConnection->query('SELECT *\nFROM `...', Array, false)
#4 D:\SEMESTER 3\PRAKTIK PEMROGRAMAN BACK END\pertemuan 1\system\Model.php(237): CodeIgniter\Database\BaseBuilder->get()
#5 D:\SEMESTER 3\PRAKTIK PEMROGRAMAN BACK END\pertemuan 1\system\BaseModel.php(624): CodeIgniter\Model->doFindAll(0, 0)
#6 D:\SEMESTER 3\PRAKTIK PEMROGRAMAN BACK END\pertemuan 1\app\Controllers\ProductController.php(21): CodeIgniter\BaseModel->findAll()
#7 D:\SEMESTER 3\PRAKTIK PEMROGRAMAN BACK END\pertemuan 1\system\CodeIgniter.php(919): App\Controllers\ProductController->readProduct()
#8 D:\SEMESTER 3\PRAKTIK PEMROGRAMAN BACK END\pertemuan 1\system\CodeIgniter.php(494): CodeIgniter\CodeIgniter->runController(Object(App\Controllers\ProductController))
#9 D:\SEMESTER 3\PRAKTIK PEMROGRAMAN BACK END\pertemuan 1\system\CodeIgniter.php(353): CodeIgniter\CodeIgniter->handleRequest(NULL, Object(Config\Cache), false)
#10 D:\SEMESTER 3\PRAKTIK PEMROGRAMAN BACK END\pertemuan 1\public\index.php(79): CodeIgniter\CodeIgniter->run()
#11 D:\SEMESTER 3\PRAKTIK PEMROGRAMAN BACK END\pertemuan 1\system\Commands\Server\rewrite.php(47): require_once('D:\\SEMESTER 3\\P...')
#12 {main}

Next CodeIgniter\Database\Exceptions\DatabaseException: Access denied for user '****'@'localhost' (using password: YES) in D:\SEMESTER 3\PRAKTIK PEMROGRAMAN BACK END\pertemuan 1\system\Database\MySQLi\Connection.php:229
Stack trace:
#0 D:\SEMESTER 3\PRAKTIK PEMROGRAMAN BACK END\pertemuan 1\system\Database\BaseConnection.php(391): CodeIgniter\Database\MySQLi\Connection->connect(false)
#1 D:\SEMESTER 3\PRAKTIK PEMROGRAMAN BACK END\pertemuan 1\system\Database\BaseConnection.php(574): CodeIgniter\Database\BaseConnection->initialize()
#2 D:\SEMESTER 3\PRAKTIK PEMROGRAMAN BACK END\pertemuan 1\system\Database\BaseBuilder.php(1615): CodeIgniter\Database\BaseConnection->query('SELECT *\nFROM `...', Array, false)
#3 D:\SEMESTER 3\PRAKTIK PEMROGRAMAN BACK END\pertemuan 1\system\Model.php(237): CodeIgniter\Database\BaseBuilder->get()
#4 D:\SEMESTER 3\PRAKTIK PEMROGRAMAN BACK END\pertemuan 1\system\BaseModel.php(624): CodeIgniter\Model->doFindAll(0, 0)
#5 D:\SEMESTER 3\PRAKTIK PEMROGRAMAN BACK END\pertemuan 1\app\Controllers\ProductController.php(21): CodeIgniter\BaseModel->findAll()
#6 D:\SEMESTER 3\PRAKTIK PEMROGRAMAN BACK END\pertemuan 1\system\CodeIgniter.php(919): App\Controllers\ProductController->readProduct()
#7 D:\SEMESTER 3\PRAKTIK PEMROGRAMAN BACK END\pertemuan 1\system\CodeIgniter.php(494): CodeIgniter\CodeIgniter->runController(Object(App\Controllers\ProductController))
#8 D:\SEMESTER 3\PRAKTIK PEMROGRAMAN BACK END\pertemuan 1\system\CodeIgniter.php(353): CodeIgniter\CodeIgniter->handleRequest(NULL, Object(Config\Cache), false)
#9 D:\SEMESTER 3\PRAKTIK PEMROGRAMAN BACK END\pertemuan 1\public\index.php(79): CodeIgniter\CodeIgniter->run()
#10 D:\SEMESTER 3\PRAKTIK PEMROGRAMAN BACK END\pertemuan 1\system\Commands\Server\rewrite.php(47): require_once('D:\\SEMESTER 3\\P...')
#11 {main}
CRITICAL - 2023-09-29 04:15:10 --> Unable to connect to the database.
Main connection [MySQLi]: Access denied for user '****'@'localhost' (using password: YES)
in SYSTEMPATH\Database\BaseConnection.php on line 427.
 1 SYSTEMPATH\Database\BaseConnection.php(574): CodeIgniter\Database\BaseConnection->initialize()
 2 SYSTEMPATH\Database\BaseBuilder.php(1615): CodeIgniter\Database\BaseConnection->query('SELECT *
FROM `products`', [], false)
 3 SYSTEMPATH\Model.php(237): CodeIgniter\Database\BaseBuilder->get()
 4 SYSTEMPATH\BaseModel.php(624): CodeIgniter\Model->doFindAll(0, 0)
 5 APPPATH\Controllers\ProductController.php(21): CodeIgniter\BaseModel->findAll()
 6 SYSTEMPATH\CodeIgniter.php(919): App\Controllers\ProductController->readProduct()
 7 SYSTEMPATH\CodeIgniter.php(494): CodeIgniter\CodeIgniter->runController(Object(App\Controllers\ProductController))
 8 SYSTEMPATH\CodeIgniter.php(353): CodeIgniter\CodeIgniter->handleRequest(null, Object(Config\Cache), false)
 9 FCPATH\index.php(79): CodeIgniter\CodeIgniter->run()
10 SYSTEMPATH\Commands\Server\rewrite.php(47): require_once('D:\\SEMESTER 3\\PRAKTIK PEMROGRAMAN BACK END\\pertemuan 1\\public\\index.php')
ERROR - 2023-09-29 04:16:18 --> Error connecting to the database: mysqli_sql_exception: Unknown database 'backend-kelas-d' in D:\SEMESTER 3\PRAKTIK PEMROGRAMAN BACK END\pertemuan 1\system\Database\MySQLi\Connection.php:185
Stack trace:
#0 D:\SEMESTER 3\PRAKTIK PEMROGRAMAN BACK END\pertemuan 1\system\Database\MySQLi\Connection.php(185): mysqli->real_connect('127.0.0.1', 'root', '', 'backend-kelas-d', 3306, '', 0)
#1 D:\SEMESTER 3\PRAKTIK PEMROGRAMAN BACK END\pertemuan 1\system\Database\BaseConnection.php(391): CodeIgniter\Database\MySQLi\Connection->connect(false)
#2 D:\SEMESTER 3\PRAKTIK PEMROGRAMAN BACK END\pertemuan 1\system\Database\BaseConnection.php(574): CodeIgniter\Database\BaseConnection->initialize()
#3 D:\SEMESTER 3\PRAKTIK PEMROGRAMAN BACK END\pertemuan 1\system\Database\BaseBuilder.php(1615): CodeIgniter\Database\BaseConnection->query('SELECT *\nFROM `...', Array, false)
#4 D:\SEMESTER 3\PRAKTIK PEMROGRAMAN BACK END\pertemuan 1\system\Model.php(237): CodeIgniter\Database\BaseBuilder->get()
#5 D:\SEMESTER 3\PRAKTIK PEMROGRAMAN BACK END\pertemuan 1\system\BaseModel.php(624): CodeIgniter\Model->doFindAll(0, 0)
#6 D:\SEMESTER 3\PRAKTIK PEMROGRAMAN BACK END\pertemuan 1\app\Controllers\ProductController.php(21): CodeIgniter\BaseModel->findAll()
#7 D:\SEMESTER 3\PRAKTIK PEMROGRAMAN BACK END\pertemuan 1\system\CodeIgniter.php(919): App\Controllers\ProductController->readProduct()
#8 D:\SEMESTER 3\PRAKTIK PEMROGRAMAN BACK END\pertemuan 1\system\CodeIgniter.php(494): CodeIgniter\CodeIgniter->runController(Object(App\Controllers\ProductController))
#9 D:\SEMESTER 3\PRAKTIK PEMROGRAMAN BACK END\pertemuan 1\system\CodeIgniter.php(353): CodeIgniter\CodeIgniter->handleRequest(NULL, Object(Config\Cache), false)
#10 D:\SEMESTER 3\PRAKTIK PEMROGRAMAN BACK END\pertemuan 1\public\index.php(79): CodeIgniter\CodeIgniter->run()
#11 D:\SEMESTER 3\PRAKTIK PEMROGRAMAN BACK END\pertemuan 1\system\Commands\Server\rewrite.php(47): require_once('D:\\SEMESTER 3\\P...')
#12 {main}

Next CodeIgniter\Database\Exceptions\DatabaseException: Unknown database 'backend-kelas-d' in D:\SEMESTER 3\PRAKTIK PEMROGRAMAN BACK END\pertemuan 1\system\Database\MySQLi\Connection.php:229
Stack trace:
#0 D:\SEMESTER 3\PRAKTIK PEMROGRAMAN BACK END\pertemuan 1\system\Database\BaseConnection.php(391): CodeIgniter\Database\MySQLi\Connection->connect(false)
#1 D:\SEMESTER 3\PRAKTIK PEMROGRAMAN BACK END\pertemuan 1\system\Database\BaseConnection.php(574): CodeIgniter\Database\BaseConnection->initialize()
#2 D:\SEMESTER 3\PRAKTIK PEMROGRAMAN BACK END\pertemuan 1\system\Database\BaseBuilder.php(1615): CodeIgniter\Database\BaseConnection->query('SELECT *\nFROM `...', Array, false)
#3 D:\SEMESTER 3\PRAKTIK PEMROGRAMAN BACK END\pertemuan 1\system\Model.php(237): CodeIgniter\Database\BaseBuilder->get()
#4 D:\SEMESTER 3\PRAKTIK PEMROGRAMAN BACK END\pertemuan 1\system\BaseModel.php(624): CodeIgniter\Model->doFindAll(0, 0)
#5 D:\SEMESTER 3\PRAKTIK PEMROGRAMAN BACK END\pertemuan 1\app\Controllers\ProductController.php(21): CodeIgniter\BaseModel->findAll()
#6 D:\SEMESTER 3\PRAKTIK PEMROGRAMAN BACK END\pertemuan 1\system\CodeIgniter.php(919): App\Controllers\ProductController->readProduct()
#7 D:\SEMESTER 3\PRAKTIK PEMROGRAMAN BACK END\pertemuan 1\system\CodeIgniter.php(494): CodeIgniter\CodeIgniter->runController(Object(App\Controllers\ProductController))
#8 D:\SEMESTER 3\PRAKTIK PEMROGRAMAN BACK END\pertemuan 1\system\CodeIgniter.php(353): CodeIgniter\CodeIgniter->handleRequest(NULL, Object(Config\Cache), false)
#9 D:\SEMESTER 3\PRAKTIK PEMROGRAMAN BACK END\pertemuan 1\public\index.php(79): CodeIgniter\CodeIgniter->run()
#10 D:\SEMESTER 3\PRAKTIK PEMROGRAMAN BACK END\pertemuan 1\system\Commands\Server\rewrite.php(47): require_once('D:\\SEMESTER 3\\P...')
#11 {main}
CRITICAL - 2023-09-29 04:16:18 --> Unable to connect to the database.
Main connection [MySQLi]: Unknown database 'backend-kelas-d'
in SYSTEMPATH\Database\BaseConnection.php on line 427.
 1 SYSTEMPATH\Database\BaseConnection.php(574): CodeIgniter\Database\BaseConnection->initialize()
 2 SYSTEMPATH\Database\BaseBuilder.php(1615): CodeIgniter\Database\BaseConnection->query('SELECT *
FROM `products`', [], false)
 3 SYSTEMPATH\Model.php(237): CodeIgniter\Database\BaseBuilder->get()
 4 SYSTEMPATH\BaseModel.php(624): CodeIgniter\Model->doFindAll(0, 0)
 5 APPPATH\Controllers\ProductController.php(21): CodeIgniter\BaseModel->findAll()
 6 SYSTEMPATH\CodeIgniter.php(919): App\Controllers\ProductController->readProduct()
 7 SYSTEMPATH\CodeIgniter.php(494): CodeIgniter\CodeIgniter->runController(Object(App\Controllers\ProductController))
 8 SYSTEMPATH\CodeIgniter.php(353): CodeIgniter\CodeIgniter->handleRequest(null, Object(Config\Cache), false)
 9 FCPATH\index.php(79): CodeIgniter\CodeIgniter->run()
10 SYSTEMPATH\Commands\Server\rewrite.php(47): require_once('D:\\SEMESTER 3\\PRAKTIK PEMROGRAMAN BACK END\\pertemuan 1\\public\\index.php')
ERROR - 2023-09-29 04:16:19 --> Error connecting to the database: mysqli_sql_exception: Unknown database 'backend-kelas-d' in D:\SEMESTER 3\PRAKTIK PEMROGRAMAN BACK END\pertemuan 1\system\Database\MySQLi\Connection.php:185
Stack trace:
#0 D:\SEMESTER 3\PRAKTIK PEMROGRAMAN BACK END\pertemuan 1\system\Database\MySQLi\Connection.php(185): mysqli->real_connect('127.0.0.1', 'root', '', 'backend-kelas-d', 3306, '', 0)
#1 D:\SEMESTER 3\PRAKTIK PEMROGRAMAN BACK END\pertemuan 1\system\Database\BaseConnection.php(391): CodeIgniter\Database\MySQLi\Connection->connect(false)
#2 D:\SEMESTER 3\PRAKTIK PEMROGRAMAN BACK END\pertemuan 1\system\Database\BaseConnection.php(574): CodeIgniter\Database\BaseConnection->initialize()
#3 D:\SEMESTER 3\PRAKTIK PEMROGRAMAN BACK END\pertemuan 1\system\Database\BaseBuilder.php(1615): CodeIgniter\Database\BaseConnection->query('SELECT *\nFROM `...', Array, false)
#4 D:\SEMESTER 3\PRAKTIK PEMROGRAMAN BACK END\pertemuan 1\system\Model.php(237): CodeIgniter\Database\BaseBuilder->get()
#5 D:\SEMESTER 3\PRAKTIK PEMROGRAMAN BACK END\pertemuan 1\system\BaseModel.php(624): CodeIgniter\Model->doFindAll(0, 0)
#6 D:\SEMESTER 3\PRAKTIK PEMROGRAMAN BACK END\pertemuan 1\app\Controllers\ProductController.php(21): CodeIgniter\BaseModel->findAll()
#7 D:\SEMESTER 3\PRAKTIK PEMROGRAMAN BACK END\pertemuan 1\system\CodeIgniter.php(919): App\Controllers\ProductController->readProduct()
#8 D:\SEMESTER 3\PRAKTIK PEMROGRAMAN BACK END\pertemuan 1\system\CodeIgniter.php(494): CodeIgniter\CodeIgniter->runController(Object(App\Controllers\ProductController))
#9 D:\SEMESTER 3\PRAKTIK PEMROGRAMAN BACK END\pertemuan 1\system\CodeIgniter.php(353): CodeIgniter\CodeIgniter->handleRequest(NULL, Object(Config\Cache), false)
#10 D:\SEMESTER 3\PRAKTIK PEMROGRAMAN BACK END\pertemuan 1\public\index.php(79): CodeIgniter\CodeIgniter->run()
#11 D:\SEMESTER 3\PRAKTIK PEMROGRAMAN BACK END\pertemuan 1\system\Commands\Server\rewrite.php(47): require_once('D:\\SEMESTER 3\\P...')
#12 {main}

Next CodeIgniter\Database\Exceptions\DatabaseException: Unknown database 'backend-kelas-d' in D:\SEMESTER 3\PRAKTIK PEMROGRAMAN BACK END\pertemuan 1\system\Database\MySQLi\Connection.php:229
Stack trace:
#0 D:\SEMESTER 3\PRAKTIK PEMROGRAMAN BACK END\pertemuan 1\system\Database\BaseConnection.php(391): CodeIgniter\Database\MySQLi\Connection->connect(false)
#1 D:\SEMESTER 3\PRAKTIK PEMROGRAMAN BACK END\pertemuan 1\system\Database\BaseConnection.php(574): CodeIgniter\Database\BaseConnection->initialize()
#2 D:\SEMESTER 3\PRAKTIK PEMROGRAMAN BACK END\pertemuan 1\system\Database\BaseBuilder.php(1615): CodeIgniter\Database\BaseConnection->query('SELECT *\nFROM `...', Array, false)
#3 D:\SEMESTER 3\PRAKTIK PEMROGRAMAN BACK END\pertemuan 1\system\Model.php(237): CodeIgniter\Database\BaseBuilder->get()
#4 D:\SEMESTER 3\PRAKTIK PEMROGRAMAN BACK END\pertemuan 1\system\BaseModel.php(624): CodeIgniter\Model->doFindAll(0, 0)
#5 D:\SEMESTER 3\PRAKTIK PEMROGRAMAN BACK END\pertemuan 1\app\Controllers\ProductController.php(21): CodeIgniter\BaseModel->findAll()
#6 D:\SEMESTER 3\PRAKTIK PEMROGRAMAN BACK END\pertemuan 1\system\CodeIgniter.php(919): App\Controllers\ProductController->readProduct()
#7 D:\SEMESTER 3\PRAKTIK PEMROGRAMAN BACK END\pertemuan 1\system\CodeIgniter.php(494): CodeIgniter\CodeIgniter->runController(Object(App\Controllers\ProductController))
#8 D:\SEMESTER 3\PRAKTIK PEMROGRAMAN BACK END\pertemuan 1\system\CodeIgniter.php(353): CodeIgniter\CodeIgniter->handleRequest(NULL, Object(Config\Cache), false)
#9 D:\SEMESTER 3\PRAKTIK PEMROGRAMAN BACK END\pertemuan 1\public\index.php(79): CodeIgniter\CodeIgniter->run()
#10 D:\SEMESTER 3\PRAKTIK PEMROGRAMAN BACK END\pertemuan 1\system\Commands\Server\rewrite.php(47): require_once('D:\\SEMESTER 3\\P...')
#11 {main}
CRITICAL - 2023-09-29 04:16:19 --> Unable to connect to the database.
Main connection [MySQLi]: Unknown database 'backend-kelas-d'
in SYSTEMPATH\Database\BaseConnection.php on line 427.
 1 SYSTEMPATH\Database\BaseConnection.php(574): CodeIgniter\Database\BaseConnection->initialize()
 2 SYSTEMPATH\Database\BaseBuilder.php(1615): CodeIgniter\Database\BaseConnection->query('SELECT *
FROM `products`', [], false)
 3 SYSTEMPATH\Model.php(237): CodeIgniter\Database\BaseBuilder->get()
 4 SYSTEMPATH\BaseModel.php(624): CodeIgniter\Model->doFindAll(0, 0)
 5 APPPATH\Controllers\ProductController.php(21): CodeIgniter\BaseModel->findAll()
 6 SYSTEMPATH\CodeIgniter.php(919): App\Controllers\ProductController->readProduct()
 7 SYSTEMPATH\CodeIgniter.php(494): CodeIgniter\CodeIgniter->runController(Object(App\Controllers\ProductController))
 8 SYSTEMPATH\CodeIgniter.php(353): CodeIgniter\CodeIgniter->handleRequest(null, Object(Config\Cache), false)
 9 FCPATH\index.php(79): CodeIgniter\CodeIgniter->run()
10 SYSTEMPATH\Commands\Server\rewrite.php(47): require_once('D:\\SEMESTER 3\\PRAKTIK PEMROGRAMAN BACK END\\pertemuan 1\\public\\index.php')
ERROR - 2023-09-29 04:16:19 --> Error connecting to the database: mysqli_sql_exception: Unknown database 'backend-kelas-d' in D:\SEMESTER 3\PRAKTIK PEMROGRAMAN BACK END\pertemuan 1\system\Database\MySQLi\Connection.php:185
Stack trace:
#0 D:\SEMESTER 3\PRAKTIK PEMROGRAMAN BACK END\pertemuan 1\system\Database\MySQLi\Connection.php(185): mysqli->real_connect('127.0.0.1', 'root', '', 'backend-kelas-d', 3306, '', 0)
#1 D:\SEMESTER 3\PRAKTIK PEMROGRAMAN BACK END\pertemuan 1\system\Database\BaseConnection.php(391): CodeIgniter\Database\MySQLi\Connection->connect(false)
#2 D:\SEMESTER 3\PRAKTIK PEMROGRAMAN BACK END\pertemuan 1\system\Database\BaseConnection.php(574): CodeIgniter\Database\BaseConnection->initialize()
#3 D:\SEMESTER 3\PRAKTIK PEMROGRAMAN BACK END\pertemuan 1\system\Database\BaseBuilder.php(1615): CodeIgniter\Database\BaseConnection->query('SELECT *\nFROM `...', Array, false)
#4 D:\SEMESTER 3\PRAKTIK PEMROGRAMAN BACK END\pertemuan 1\system\Model.php(237): CodeIgniter\Database\BaseBuilder->get()
#5 D:\SEMESTER 3\PRAKTIK PEMROGRAMAN BACK END\pertemuan 1\system\BaseModel.php(624): CodeIgniter\Model->doFindAll(0, 0)
#6 D:\SEMESTER 3\PRAKTIK PEMROGRAMAN BACK END\pertemuan 1\app\Controllers\ProductController.php(21): CodeIgniter\BaseModel->findAll()
#7 D:\SEMESTER 3\PRAKTIK PEMROGRAMAN BACK END\pertemuan 1\system\CodeIgniter.php(919): App\Controllers\ProductController->readProduct()
#8 D:\SEMESTER 3\PRAKTIK PEMROGRAMAN BACK END\pertemuan 1\system\CodeIgniter.php(494): CodeIgniter\CodeIgniter->runController(Object(App\Controllers\ProductController))
#9 D:\SEMESTER 3\PRAKTIK PEMROGRAMAN BACK END\pertemuan 1\system\CodeIgniter.php(353): CodeIgniter\CodeIgniter->handleRequest(NULL, Object(Config\Cache), false)
#10 D:\SEMESTER 3\PRAKTIK PEMROGRAMAN BACK END\pertemuan 1\public\index.php(79): CodeIgniter\CodeIgniter->run()
#11 D:\SEMESTER 3\PRAKTIK PEMROGRAMAN BACK END\pertemuan 1\system\Commands\Server\rewrite.php(47): require_once('D:\\SEMESTER 3\\P...')
#12 {main}

Next CodeIgniter\Database\Exceptions\DatabaseException: Unknown database 'backend-kelas-d' in D:\SEMESTER 3\PRAKTIK PEMROGRAMAN BACK END\pertemuan 1\system\Database\MySQLi\Connection.php:229
Stack trace:
#0 D:\SEMESTER 3\PRAKTIK PEMROGRAMAN BACK END\pertemuan 1\system\Database\BaseConnection.php(391): CodeIgniter\Database\MySQLi\Connection->connect(false)
#1 D:\SEMESTER 3\PRAKTIK PEMROGRAMAN BACK END\pertemuan 1\system\Database\BaseConnection.php(574): CodeIgniter\Database\BaseConnection->initialize()
#2 D:\SEMESTER 3\PRAKTIK PEMROGRAMAN BACK END\pertemuan 1\system\Database\BaseBuilder.php(1615): CodeIgniter\Database\BaseConnection->query('SELECT *\nFROM `...', Array, false)
#3 D:\SEMESTER 3\PRAKTIK PEMROGRAMAN BACK END\pertemuan 1\system\Model.php(237): CodeIgniter\Database\BaseBuilder->get()
#4 D:\SEMESTER 3\PRAKTIK PEMROGRAMAN BACK END\pertemuan 1\system\BaseModel.php(624): CodeIgniter\Model->doFindAll(0, 0)
#5 D:\SEMESTER 3\PRAKTIK PEMROGRAMAN BACK END\pertemuan 1\app\Controllers\ProductController.php(21): CodeIgniter\BaseModel->findAll()
#6 D:\SEMESTER 3\PRAKTIK PEMROGRAMAN BACK END\pertemuan 1\system\CodeIgniter.php(919): App\Controllers\ProductController->readProduct()
#7 D:\SEMESTER 3\PRAKTIK PEMROGRAMAN BACK END\pertemuan 1\system\CodeIgniter.php(494): CodeIgniter\CodeIgniter->runController(Object(App\Controllers\ProductController))
#8 D:\SEMESTER 3\PRAKTIK PEMROGRAMAN BACK END\pertemuan 1\system\CodeIgniter.php(353): CodeIgniter\CodeIgniter->handleRequest(NULL, Object(Config\Cache), false)
#9 D:\SEMESTER 3\PRAKTIK PEMROGRAMAN BACK END\pertemuan 1\public\index.php(79): CodeIgniter\CodeIgniter->run()
#10 D:\SEMESTER 3\PRAKTIK PEMROGRAMAN BACK END\pertemuan 1\system\Commands\Server\rewrite.php(47): require_once('D:\\SEMESTER 3\\P...')
#11 {main}
CRITICAL - 2023-09-29 04:16:19 --> Unable to connect to the database.
Main connection [MySQLi]: Unknown database 'backend-kelas-d'
in SYSTEMPATH\Database\BaseConnection.php on line 427.
 1 SYSTEMPATH\Database\BaseConnection.php(574): CodeIgniter\Database\BaseConnection->initialize()
 2 SYSTEMPATH\Database\BaseBuilder.php(1615): CodeIgniter\Database\BaseConnection->query('SELECT *
FROM `products`', [], false)
 3 SYSTEMPATH\Model.php(237): CodeIgniter\Database\BaseBuilder->get()
 4 SYSTEMPATH\BaseModel.php(624): CodeIgniter\Model->doFindAll(0, 0)
 5 APPPATH\Controllers\ProductController.php(21): CodeIgniter\BaseModel->findAll()
 6 SYSTEMPATH\CodeIgniter.php(919): App\Controllers\ProductController->readProduct()
 7 SYSTEMPATH\CodeIgniter.php(494): CodeIgniter\CodeIgniter->runController(Object(App\Controllers\ProductController))
 8 SYSTEMPATH\CodeIgniter.php(353): CodeIgniter\CodeIgniter->handleRequest(null, Object(Config\Cache), false)
 9 FCPATH\index.php(79): CodeIgniter\CodeIgniter->run()
10 SYSTEMPATH\Commands\Server\rewrite.php(47): require_once('D:\\SEMESTER 3\\PRAKTIK PEMROGRAMAN BACK END\\pertemuan 1\\public\\index.php')
ERROR - 2023-09-29 04:16:41 --> Error connecting to the database: mysqli_sql_exception: Unknown database 'backend-kelas-d' in D:\SEMESTER 3\PRAKTIK PEMROGRAMAN BACK END\pertemuan 1\system\Database\MySQLi\Connection.php:185
Stack trace:
#0 D:\SEMESTER 3\PRAKTIK PEMROGRAMAN BACK END\pertemuan 1\system\Database\MySQLi\Connection.php(185): mysqli->real_connect('127.0.0.1', 'root', '', 'backend-kelas-d', 3306, '', 0)
#1 D:\SEMESTER 3\PRAKTIK PEMROGRAMAN BACK END\pertemuan 1\system\Database\BaseConnection.php(391): CodeIgniter\Database\MySQLi\Connection->connect(false)
#2 D:\SEMESTER 3\PRAKTIK PEMROGRAMAN BACK END\pertemuan 1\system\Database\BaseConnection.php(574): CodeIgniter\Database\BaseConnection->initialize()
#3 D:\SEMESTER 3\PRAKTIK PEMROGRAMAN BACK END\pertemuan 1\system\Database\BaseBuilder.php(1615): CodeIgniter\Database\BaseConnection->query('SELECT *\nFROM `...', Array, false)
#4 D:\SEMESTER 3\PRAKTIK PEMROGRAMAN BACK END\pertemuan 1\system\Model.php(237): CodeIgniter\Database\BaseBuilder->get()
#5 D:\SEMESTER 3\PRAKTIK PEMROGRAMAN BACK END\pertemuan 1\system\BaseModel.php(624): CodeIgniter\Model->doFindAll(0, 0)
#6 D:\SEMESTER 3\PRAKTIK PEMROGRAMAN BACK END\pertemuan 1\app\Controllers\ProductController.php(21): CodeIgniter\BaseModel->findAll()
#7 D:\SEMESTER 3\PRAKTIK PEMROGRAMAN BACK END\pertemuan 1\system\CodeIgniter.php(919): App\Controllers\ProductController->readProduct()
#8 D:\SEMESTER 3\PRAKTIK PEMROGRAMAN BACK END\pertemuan 1\system\CodeIgniter.php(494): CodeIgniter\CodeIgniter->runController(Object(App\Controllers\ProductController))
#9 D:\SEMESTER 3\PRAKTIK PEMROGRAMAN BACK END\pertemuan 1\system\CodeIgniter.php(353): CodeIgniter\CodeIgniter->handleRequest(NULL, Object(Config\Cache), false)
#10 D:\SEMESTER 3\PRAKTIK PEMROGRAMAN BACK END\pertemuan 1\public\index.php(79): CodeIgniter\CodeIgniter->run()
#11 D:\SEMESTER 3\PRAKTIK PEMROGRAMAN BACK END\pertemuan 1\system\Commands\Server\rewrite.php(47): require_once('D:\\SEMESTER 3\\P...')
#12 {main}

Next CodeIgniter\Database\Exceptions\DatabaseException: Unknown database 'backend-kelas-d' in D:\SEMESTER 3\PRAKTIK PEMROGRAMAN BACK END\pertemuan 1\system\Database\MySQLi\Connection.php:229
Stack trace:
#0 D:\SEMESTER 3\PRAKTIK PEMROGRAMAN BACK END\pertemuan 1\system\Database\BaseConnection.php(391): CodeIgniter\Database\MySQLi\Connection->connect(false)
#1 D:\SEMESTER 3\PRAKTIK PEMROGRAMAN BACK END\pertemuan 1\system\Database\BaseConnection.php(574): CodeIgniter\Database\BaseConnection->initialize()
#2 D:\SEMESTER 3\PRAKTIK PEMROGRAMAN BACK END\pertemuan 1\system\Database\BaseBuilder.php(1615): CodeIgniter\Database\BaseConnection->query('SELECT *\nFROM `...', Array, false)
#3 D:\SEMESTER 3\PRAKTIK PEMROGRAMAN BACK END\pertemuan 1\system\Model.php(237): CodeIgniter\Database\BaseBuilder->get()
#4 D:\SEMESTER 3\PRAKTIK PEMROGRAMAN BACK END\pertemuan 1\system\BaseModel.php(624): CodeIgniter\Model->doFindAll(0, 0)
#5 D:\SEMESTER 3\PRAKTIK PEMROGRAMAN BACK END\pertemuan 1\app\Controllers\ProductController.php(21): CodeIgniter\BaseModel->findAll()
#6 D:\SEMESTER 3\PRAKTIK PEMROGRAMAN BACK END\pertemuan 1\system\CodeIgniter.php(919): App\Controllers\ProductController->readProduct()
#7 D:\SEMESTER 3\PRAKTIK PEMROGRAMAN BACK END\pertemuan 1\system\CodeIgniter.php(494): CodeIgniter\CodeIgniter->runController(Object(App\Controllers\ProductController))
#8 D:\SEMESTER 3\PRAKTIK PEMROGRAMAN BACK END\pertemuan 1\system\CodeIgniter.php(353): CodeIgniter\CodeIgniter->handleRequest(NULL, Object(Config\Cache), false)
#9 D:\SEMESTER 3\PRAKTIK PEMROGRAMAN BACK END\pertemuan 1\public\index.php(79): CodeIgniter\CodeIgniter->run()
#10 D:\SEMESTER 3\PRAKTIK PEMROGRAMAN BACK END\pertemuan 1\system\Commands\Server\rewrite.php(47): require_once('D:\\SEMESTER 3\\P...')
#11 {main}
CRITICAL - 2023-09-29 04:16:41 --> Unable to connect to the database.
Main connection [MySQLi]: Unknown database 'backend-kelas-d'
in SYSTEMPATH\Database\BaseConnection.php on line 427.
 1 SYSTEMPATH\Database\BaseConnection.php(574): CodeIgniter\Database\BaseConnection->initialize()
 2 SYSTEMPATH\Database\BaseBuilder.php(1615): CodeIgniter\Database\BaseConnection->query('SELECT *
FROM `products`', [], false)
 3 SYSTEMPATH\Model.php(237): CodeIgniter\Database\BaseBuilder->get()
 4 SYSTEMPATH\BaseModel.php(624): CodeIgniter\Model->doFindAll(0, 0)
 5 APPPATH\Controllers\ProductController.php(21): CodeIgniter\BaseModel->findAll()
 6 SYSTEMPATH\CodeIgniter.php(919): App\Controllers\ProductController->readProduct()
 7 SYSTEMPATH\CodeIgniter.php(494): CodeIgniter\CodeIgniter->runController(Object(App\Controllers\ProductController))
 8 SYSTEMPATH\CodeIgniter.php(353): CodeIgniter\CodeIgniter->handleRequest(null, Object(Config\Cache), false)
 9 FCPATH\index.php(79): CodeIgniter\CodeIgniter->run()
10 SYSTEMPATH\Commands\Server\rewrite.php(47): require_once('D:\\SEMESTER 3\\PRAKTIK PEMROGRAMAN BACK END\\pertemuan 1\\public\\index.php')
ERROR - 2023-09-29 04:16:45 --> Error connecting to the database: mysqli_sql_exception: Unknown database 'backend-kelas-d' in D:\SEMESTER 3\PRAKTIK PEMROGRAMAN BACK END\pertemuan 1\system\Database\MySQLi\Connection.php:185
Stack trace:
#0 D:\SEMESTER 3\PRAKTIK PEMROGRAMAN BACK END\pertemuan 1\system\Database\MySQLi\Connection.php(185): mysqli->real_connect('127.0.0.1', 'root', '', 'backend-kelas-d', 3306, '', 0)
#1 D:\SEMESTER 3\PRAKTIK PEMROGRAMAN BACK END\pertemuan 1\system\Database\BaseConnection.php(391): CodeIgniter\Database\MySQLi\Connection->connect(false)
#2 D:\SEMESTER 3\PRAKTIK PEMROGRAMAN BACK END\pertemuan 1\system\Database\BaseConnection.php(574): CodeIgniter\Database\BaseConnection->initialize()
#3 D:\SEMESTER 3\PRAKTIK PEMROGRAMAN BACK END\pertemuan 1\system\Database\BaseBuilder.php(1615): CodeIgniter\Database\BaseConnection->query('SELECT *\nFROM `...', Array, false)
#4 D:\SEMESTER 3\PRAKTIK PEMROGRAMAN BACK END\pertemuan 1\system\Model.php(237): CodeIgniter\Database\BaseBuilder->get()
#5 D:\SEMESTER 3\PRAKTIK PEMROGRAMAN BACK END\pertemuan 1\system\BaseModel.php(624): CodeIgniter\Model->doFindAll(0, 0)
#6 D:\SEMESTER 3\PRAKTIK PEMROGRAMAN BACK END\pertemuan 1\app\Controllers\ProductController.php(21): CodeIgniter\BaseModel->findAll()
#7 D:\SEMESTER 3\PRAKTIK PEMROGRAMAN BACK END\pertemuan 1\system\CodeIgniter.php(919): App\Controllers\ProductController->readProduct()
#8 D:\SEMESTER 3\PRAKTIK PEMROGRAMAN BACK END\pertemuan 1\system\CodeIgniter.php(494): CodeIgniter\CodeIgniter->runController(Object(App\Controllers\ProductController))
#9 D:\SEMESTER 3\PRAKTIK PEMROGRAMAN BACK END\pertemuan 1\system\CodeIgniter.php(353): CodeIgniter\CodeIgniter->handleRequest(NULL, Object(Config\Cache), false)
#10 D:\SEMESTER 3\PRAKTIK PEMROGRAMAN BACK END\pertemuan 1\public\index.php(79): CodeIgniter\CodeIgniter->run()
#11 D:\SEMESTER 3\PRAKTIK PEMROGRAMAN BACK END\pertemuan 1\system\Commands\Server\rewrite.php(47): require_once('D:\\SEMESTER 3\\P...')
#12 {main}

Next CodeIgniter\Database\Exceptions\DatabaseException: Unknown database 'backend-kelas-d' in D:\SEMESTER 3\PRAKTIK PEMROGRAMAN BACK END\pertemuan 1\system\Database\MySQLi\Connection.php:229
Stack trace:
#0 D:\SEMESTER 3\PRAKTIK PEMROGRAMAN BACK END\pertemuan 1\system\Database\BaseConnection.php(391): CodeIgniter\Database\MySQLi\Connection->connect(false)
#1 D:\SEMESTER 3\PRAKTIK PEMROGRAMAN BACK END\pertemuan 1\system\Database\BaseConnection.php(574): CodeIgniter\Database\BaseConnection->initialize()
#2 D:\SEMESTER 3\PRAKTIK PEMROGRAMAN BACK END\pertemuan 1\system\Database\BaseBuilder.php(1615): CodeIgniter\Database\BaseConnection->query('SELECT *\nFROM `...', Array, false)
#3 D:\SEMESTER 3\PRAKTIK PEMROGRAMAN BACK END\pertemuan 1\system\Model.php(237): CodeIgniter\Database\BaseBuilder->get()
#4 D:\SEMESTER 3\PRAKTIK PEMROGRAMAN BACK END\pertemuan 1\system\BaseModel.php(624): CodeIgniter\Model->doFindAll(0, 0)
#5 D:\SEMESTER 3\PRAKTIK PEMROGRAMAN BACK END\pertemuan 1\app\Controllers\ProductController.php(21): CodeIgniter\BaseModel->findAll()
#6 D:\SEMESTER 3\PRAKTIK PEMROGRAMAN BACK END\pertemuan 1\system\CodeIgniter.php(919): App\Controllers\ProductController->readProduct()
#7 D:\SEMESTER 3\PRAKTIK PEMROGRAMAN BACK END\pertemuan 1\system\CodeIgniter.php(494): CodeIgniter\CodeIgniter->runController(Object(App\Controllers\ProductController))
#8 D:\SEMESTER 3\PRAKTIK PEMROGRAMAN BACK END\pertemuan 1\system\CodeIgniter.php(353): CodeIgniter\CodeIgniter->handleRequest(NULL, Object(Config\Cache), false)
#9 D:\SEMESTER 3\PRAKTIK PEMROGRAMAN BACK END\pertemuan 1\public\index.php(79): CodeIgniter\CodeIgniter->run()
#10 D:\SEMESTER 3\PRAKTIK PEMROGRAMAN BACK END\pertemuan 1\system\Commands\Server\rewrite.php(47): require_once('D:\\SEMESTER 3\\P...')
#11 {main}
CRITICAL - 2023-09-29 04:16:45 --> Unable to connect to the database.
Main connection [MySQLi]: Unknown database 'backend-kelas-d'
in SYSTEMPATH\Database\BaseConnection.php on line 427.
 1 SYSTEMPATH\Database\BaseConnection.php(574): CodeIgniter\Database\BaseConnection->initialize()
 2 SYSTEMPATH\Database\BaseBuilder.php(1615): CodeIgniter\Database\BaseConnection->query('SELECT *
FROM `products`', [], false)
 3 SYSTEMPATH\Model.php(237): CodeIgniter\Database\BaseBuilder->get()
 4 SYSTEMPATH\BaseModel.php(624): CodeIgniter\Model->doFindAll(0, 0)
 5 APPPATH\Controllers\ProductController.php(21): CodeIgniter\BaseModel->findAll()
 6 SYSTEMPATH\CodeIgniter.php(919): App\Controllers\ProductController->readProduct()
 7 SYSTEMPATH\CodeIgniter.php(494): CodeIgniter\CodeIgniter->runController(Object(App\Controllers\ProductController))
 8 SYSTEMPATH\CodeIgniter.php(353): CodeIgniter\CodeIgniter->handleRequest(null, Object(Config\Cache), false)
 9 FCPATH\index.php(79): CodeIgniter\CodeIgniter->run()
10 SYSTEMPATH\Commands\Server\rewrite.php(47): require_once('D:\\SEMESTER 3\\PRAKTIK PEMROGRAMAN BACK END\\pertemuan 1\\public\\index.php')
ERROR - 2023-09-29 04:16:45 --> Error connecting to the database: mysqli_sql_exception: Unknown database 'backend-kelas-d' in D:\SEMESTER 3\PRAKTIK PEMROGRAMAN BACK END\pertemuan 1\system\Database\MySQLi\Connection.php:185
Stack trace:
#0 D:\SEMESTER 3\PRAKTIK PEMROGRAMAN BACK END\pertemuan 1\system\Database\MySQLi\Connection.php(185): mysqli->real_connect('127.0.0.1', 'root', '', 'backend-kelas-d', 3306, '', 0)
#1 D:\SEMESTER 3\PRAKTIK PEMROGRAMAN BACK END\pertemuan 1\system\Database\BaseConnection.php(391): CodeIgniter\Database\MySQLi\Connection->connect(false)
#2 D:\SEMESTER 3\PRAKTIK PEMROGRAMAN BACK END\pertemuan 1\system\Database\BaseConnection.php(574): CodeIgniter\Database\BaseConnection->initialize()
#3 D:\SEMESTER 3\PRAKTIK PEMROGRAMAN BACK END\pertemuan 1\system\Database\BaseBuilder.php(1615): CodeIgniter\Database\BaseConnection->query('SELECT *\nFROM `...', Array, false)
#4 D:\SEMESTER 3\PRAKTIK PEMROGRAMAN BACK END\pertemuan 1\system\Model.php(237): CodeIgniter\Database\BaseBuilder->get()
#5 D:\SEMESTER 3\PRAKTIK PEMROGRAMAN BACK END\pertemuan 1\system\BaseModel.php(624): CodeIgniter\Model->doFindAll(0, 0)
#6 D:\SEMESTER 3\PRAKTIK PEMROGRAMAN BACK END\pertemuan 1\app\Controllers\ProductController.php(21): CodeIgniter\BaseModel->findAll()
#7 D:\SEMESTER 3\PRAKTIK PEMROGRAMAN BACK END\pertemuan 1\system\CodeIgniter.php(919): App\Controllers\ProductController->readProduct()
#8 D:\SEMESTER 3\PRAKTIK PEMROGRAMAN BACK END\pertemuan 1\system\CodeIgniter.php(494): CodeIgniter\CodeIgniter->runController(Object(App\Controllers\ProductController))
#9 D:\SEMESTER 3\PRAKTIK PEMROGRAMAN BACK END\pertemuan 1\system\CodeIgniter.php(353): CodeIgniter\CodeIgniter->handleRequest(NULL, Object(Config\Cache), false)
#10 D:\SEMESTER 3\PRAKTIK PEMROGRAMAN BACK END\pertemuan 1\public\index.php(79): CodeIgniter\CodeIgniter->run()
#11 D:\SEMESTER 3\PRAKTIK PEMROGRAMAN BACK END\pertemuan 1\system\Commands\Server\rewrite.php(47): require_once('D:\\SEMESTER 3\\P...')
#12 {main}

Next CodeIgniter\Database\Exceptions\DatabaseException: Unknown database 'backend-kelas-d' in D:\SEMESTER 3\PRAKTIK PEMROGRAMAN BACK END\pertemuan 1\system\Database\MySQLi\Connection.php:229
Stack trace:
#0 D:\SEMESTER 3\PRAKTIK PEMROGRAMAN BACK END\pertemuan 1\system\Database\BaseConnection.php(391): CodeIgniter\Database\MySQLi\Connection->connect(false)
#1 D:\SEMESTER 3\PRAKTIK PEMROGRAMAN BACK END\pertemuan 1\system\Database\BaseConnection.php(574): CodeIgniter\Database\BaseConnection->initialize()
#2 D:\SEMESTER 3\PRAKTIK PEMROGRAMAN BACK END\pertemuan 1\system\Database\BaseBuilder.php(1615): CodeIgniter\Database\BaseConnection->query('SELECT *\nFROM `...', Array, false)
#3 D:\SEMESTER 3\PRAKTIK PEMROGRAMAN BACK END\pertemuan 1\system\Model.php(237): CodeIgniter\Database\BaseBuilder->get()
#4 D:\SEMESTER 3\PRAKTIK PEMROGRAMAN BACK END\pertemuan 1\system\BaseModel.php(624): CodeIgniter\Model->doFindAll(0, 0)
#5 D:\SEMESTER 3\PRAKTIK PEMROGRAMAN BACK END\pertemuan 1\app\Controllers\ProductController.php(21): CodeIgniter\BaseModel->findAll()
#6 D:\SEMESTER 3\PRAKTIK PEMROGRAMAN BACK END\pertemuan 1\system\CodeIgniter.php(919): App\Controllers\ProductController->readProduct()
#7 D:\SEMESTER 3\PRAKTIK PEMROGRAMAN BACK END\pertemuan 1\system\CodeIgniter.php(494): CodeIgniter\CodeIgniter->runController(Object(App\Controllers\ProductController))
#8 D:\SEMESTER 3\PRAKTIK PEMROGRAMAN BACK END\pertemuan 1\system\CodeIgniter.php(353): CodeIgniter\CodeIgniter->handleRequest(NULL, Object(Config\Cache), false)
#9 D:\SEMESTER 3\PRAKTIK PEMROGRAMAN BACK END\pertemuan 1\public\index.php(79): CodeIgniter\CodeIgniter->run()
#10 D:\SEMESTER 3\PRAKTIK PEMROGRAMAN BACK END\pertemuan 1\system\Commands\Server\rewrite.php(47): require_once('D:\\SEMESTER 3\\P...')
#11 {main}
CRITICAL - 2023-09-29 04:16:45 --> Unable to connect to the database.
Main connection [MySQLi]: Unknown database 'backend-kelas-d'
in SYSTEMPATH\Database\BaseConnection.php on line 427.
 1 SYSTEMPATH\Database\BaseConnection.php(574): CodeIgniter\Database\BaseConnection->initialize()
 2 SYSTEMPATH\Database\BaseBuilder.php(1615): CodeIgniter\Database\BaseConnection->query('SELECT *
FROM `products`', [], false)
 3 SYSTEMPATH\Model.php(237): CodeIgniter\Database\BaseBuilder->get()
 4 SYSTEMPATH\BaseModel.php(624): CodeIgniter\Model->doFindAll(0, 0)
 5 APPPATH\Controllers\ProductController.php(21): CodeIgniter\BaseModel->findAll()
 6 SYSTEMPATH\CodeIgniter.php(919): App\Controllers\ProductController->readProduct()
 7 SYSTEMPATH\CodeIgniter.php(494): CodeIgniter\CodeIgniter->runController(Object(App\Controllers\ProductController))
 8 SYSTEMPATH\CodeIgniter.php(353): CodeIgniter\CodeIgniter->handleRequest(null, Object(Config\Cache), false)
 9 FCPATH\index.php(79): CodeIgniter\CodeIgniter->run()
10 SYSTEMPATH\Commands\Server\rewrite.php(47): require_once('D:\\SEMESTER 3\\PRAKTIK PEMROGRAMAN BACK END\\pertemuan 1\\public\\index.php')
CRITICAL - 2023-09-29 08:59:05 --> Invalid file: "edit_product.php"
in SYSTEMPATH\Exceptions\FrameworkException.php on line 39.
 1 SYSTEMPATH\View\View.php(214): CodeIgniter\Exceptions\FrameworkException::forInvalidFile('edit_product.php')
 2 SYSTEMPATH\Common.php(1188): CodeIgniter\View\View->render('edit_product', [], true)
 3 APPPATH\Controllers\ProductController.php(39): view('edit_product', [...])
 4 SYSTEMPATH\CodeIgniter.php(919): App\Controllers\ProductController->getProduct('2')
 5 SYSTEMPATH\CodeIgniter.php(494): CodeIgniter\CodeIgniter->runController(Object(App\Controllers\ProductController))
 6 SYSTEMPATH\CodeIgniter.php(353): CodeIgniter\CodeIgniter->handleRequest(null, Object(Config\Cache), false)
 7 FCPATH\index.php(79): CodeIgniter\CodeIgniter->run()
 8 SYSTEMPATH\Commands\Server\rewrite.php(47): require_once('D:\\SEMESTER 3\\PRAKTIK PEMROGRAMAN BACK END\\pertemuan 1\\public\\index.php')
CRITICAL - 2023-09-29 08:59:12 --> Invalid file: "edit_product.php"
in SYSTEMPATH\Exceptions\FrameworkException.php on line 39.
 1 SYSTEMPATH\View\View.php(214): CodeIgniter\Exceptions\FrameworkException::forInvalidFile('edit_product.php')
 2 SYSTEMPATH\Common.php(1188): CodeIgniter\View\View->render('edit_product', [], true)
 3 APPPATH\Controllers\ProductController.php(39): view('edit_product', [...])
 4 SYSTEMPATH\CodeIgniter.php(919): App\Controllers\ProductController->getProduct('11')
 5 SYSTEMPATH\CodeIgniter.php(494): CodeIgniter\CodeIgniter->runController(Object(App\Controllers\ProductController))
 6 SYSTEMPATH\CodeIgniter.php(353): CodeIgniter\CodeIgniter->handleRequest(null, Object(Config\Cache), false)
 7 FCPATH\index.php(79): CodeIgniter\CodeIgniter->run()
 8 SYSTEMPATH\Commands\Server\rewrite.php(47): require_once('D:\\SEMESTER 3\\PRAKTIK PEMROGRAMAN BACK END\\pertemuan 1\\public\\index.php')
ERROR - 2023-09-29 11:45:53 --> Error connecting to the database: mysqli_sql_exception: No connection could be made because the target machine actively refused it in D:\SEMESTER 3\PRAKTIK PEMROGRAMAN BACK END\pertemuan 1\system\Database\MySQLi\Connection.php:185
Stack trace:
#0 D:\SEMESTER 3\PRAKTIK PEMROGRAMAN BACK END\pertemuan 1\system\Database\MySQLi\Connection.php(185): mysqli->real_connect('localhost', 'root', '', 'backend-kelasd', 3306, '', 0)
#1 D:\SEMESTER 3\PRAKTIK PEMROGRAMAN BACK END\pertemuan 1\system\Database\BaseConnection.php(391): CodeIgniter\Database\MySQLi\Connection->connect(false)
#2 D:\SEMESTER 3\PRAKTIK PEMROGRAMAN BACK END\pertemuan 1\system\Database\BaseConnection.php(574): CodeIgniter\Database\BaseConnection->initialize()
#3 D:\SEMESTER 3\PRAKTIK PEMROGRAMAN BACK END\pertemuan 1\system\Database\BaseBuilder.php(1615): CodeIgniter\Database\BaseConnection->query('SELECT *\nFROM `...', Array, false)
#4 D:\SEMESTER 3\PRAKTIK PEMROGRAMAN BACK END\pertemuan 1\system\Model.php(237): CodeIgniter\Database\BaseBuilder->get()
#5 D:\SEMESTER 3\PRAKTIK PEMROGRAMAN BACK END\pertemuan 1\system\BaseModel.php(624): CodeIgniter\Model->doFindAll(0, 0)
#6 D:\SEMESTER 3\PRAKTIK PEMROGRAMAN BACK END\pertemuan 1\app\Controllers\ProductController.php(26): CodeIgniter\BaseModel->findAll()
#7 D:\SEMESTER 3\PRAKTIK PEMROGRAMAN BACK END\pertemuan 1\system\CodeIgniter.php(919): App\Controllers\ProductController->readProduct()
#8 D:\SEMESTER 3\PRAKTIK PEMROGRAMAN BACK END\pertemuan 1\system\CodeIgniter.php(494): CodeIgniter\CodeIgniter->runController(Object(App\Controllers\ProductController))
#9 D:\SEMESTER 3\PRAKTIK PEMROGRAMAN BACK END\pertemuan 1\system\CodeIgniter.php(353): CodeIgniter\CodeIgniter->handleRequest(NULL, Object(Config\Cache), false)
#10 D:\SEMESTER 3\PRAKTIK PEMROGRAMAN BACK END\pertemuan 1\public\index.php(79): CodeIgniter\CodeIgniter->run()
#11 D:\SEMESTER 3\PRAKTIK PEMROGRAMAN BACK END\pertemuan 1\system\Commands\Server\rewrite.php(47): require_once('D:\\SEMESTER 3\\P...')
#12 {main}

Next CodeIgniter\Database\Exceptions\DatabaseException: No connection could be made because the target machine actively refused it in D:\SEMESTER 3\PRAKTIK PEMROGRAMAN BACK END\pertemuan 1\system\Database\MySQLi\Connection.php:229
Stack trace:
#0 D:\SEMESTER 3\PRAKTIK PEMROGRAMAN BACK END\pertemuan 1\system\Database\BaseConnection.php(391): CodeIgniter\Database\MySQLi\Connection->connect(false)
#1 D:\SEMESTER 3\PRAKTIK PEMROGRAMAN BACK END\pertemuan 1\system\Database\BaseConnection.php(574): CodeIgniter\Database\BaseConnection->initialize()
#2 D:\SEMESTER 3\PRAKTIK PEMROGRAMAN BACK END\pertemuan 1\system\Database\BaseBuilder.php(1615): CodeIgniter\Database\BaseConnection->query('SELECT *\nFROM `...', Array, false)
#3 D:\SEMESTER 3\PRAKTIK PEMROGRAMAN BACK END\pertemuan 1\system\Model.php(237): CodeIgniter\Database\BaseBuilder->get()
#4 D:\SEMESTER 3\PRAKTIK PEMROGRAMAN BACK END\pertemuan 1\system\BaseModel.php(624): CodeIgniter\Model->doFindAll(0, 0)
#5 D:\SEMESTER 3\PRAKTIK PEMROGRAMAN BACK END\pertemuan 1\app\Controllers\ProductController.php(26): CodeIgniter\BaseModel->findAll()
#6 D:\SEMESTER 3\PRAKTIK PEMROGRAMAN BACK END\pertemuan 1\system\CodeIgniter.php(919): App\Controllers\ProductController->readProduct()
#7 D:\SEMESTER 3\PRAKTIK PEMROGRAMAN BACK END\pertemuan 1\system\CodeIgniter.php(494): CodeIgniter\CodeIgniter->runController(Object(App\Controllers\ProductController))
#8 D:\SEMESTER 3\PRAKTIK PEMROGRAMAN BACK END\pertemuan 1\system\CodeIgniter.php(353): CodeIgniter\CodeIgniter->handleRequest(NULL, Object(Config\Cache), false)
#9 D:\SEMESTER 3\PRAKTIK PEMROGRAMAN BACK END\pertemuan 1\public\index.php(79): CodeIgniter\CodeIgniter->run()
#10 D:\SEMESTER 3\PRAKTIK PEMROGRAMAN BACK END\pertemuan 1\system\Commands\Server\rewrite.php(47): require_once('D:\\SEMESTER 3\\P...')
#11 {main}
CRITICAL - 2023-09-29 11:45:53 --> Unable to connect to the database.
Main connection [MySQLi]: No connection could be made because the target machine actively refused it
in SYSTEMPATH\Database\BaseConnection.php on line 427.
 1 SYSTEMPATH\Database\BaseConnection.php(574): CodeIgniter\Database\BaseConnection->initialize()
 2 SYSTEMPATH\Database\BaseBuilder.php(1615): CodeIgniter\Database\BaseConnection->query('SELECT *
FROM `products`', [], false)
 3 SYSTEMPATH\Model.php(237): CodeIgniter\Database\BaseBuilder->get()
 4 SYSTEMPATH\BaseModel.php(624): CodeIgniter\Model->doFindAll(0, 0)
 5 APPPATH\Controllers\ProductController.php(26): CodeIgniter\BaseModel->findAll()
 6 SYSTEMPATH\CodeIgniter.php(919): App\Controllers\ProductController->readProduct()
 7 SYSTEMPATH\CodeIgniter.php(494): CodeIgniter\CodeIgniter->runController(Object(App\Controllers\ProductController))
 8 SYSTEMPATH\CodeIgniter.php(353): CodeIgniter\CodeIgniter->handleRequest(null, Object(Config\Cache), false)
 9 FCPATH\index.php(79): CodeIgniter\CodeIgniter->run()
10 SYSTEMPATH\Commands\Server\rewrite.php(47): require_once('D:\\SEMESTER 3\\PRAKTIK PEMROGRAMAN BACK END\\pertemuan 1\\public\\index.php')
CRITICAL - 2023-09-29 11:47:14 --> Invalid file: "edit_product.php"
in SYSTEMPATH\Exceptions\FrameworkException.php on line 39.
 1 SYSTEMPATH\View\View.php(214): CodeIgniter\Exceptions\FrameworkException::forInvalidFile('edit_product.php')
 2 SYSTEMPATH\Common.php(1188): CodeIgniter\View\View->render('edit_product', [], true)
 3 APPPATH\Controllers\ProductController.php(39): view('edit_product', [...])
 4 SYSTEMPATH\CodeIgniter.php(919): App\Controllers\ProductController->getProduct('12')
 5 SYSTEMPATH\CodeIgniter.php(494): CodeIgniter\CodeIgniter->runController(Object(App\Controllers\ProductController))
 6 SYSTEMPATH\CodeIgniter.php(353): CodeIgniter\CodeIgniter->handleRequest(null, Object(Config\Cache), false)
 7 FCPATH\index.php(79): CodeIgniter\CodeIgniter->run()
 8 SYSTEMPATH\Commands\Server\rewrite.php(47): require_once('D:\\SEMESTER 3\\PRAKTIK PEMROGRAMAN BACK END\\pertemuan 1\\public\\index.php')
CRITICAL - 2023-09-29 11:47:17 --> Invalid file: "edit_product.php"
in SYSTEMPATH\Exceptions\FrameworkException.php on line 39.
 1 SYSTEMPATH\View\View.php(214): CodeIgniter\Exceptions\FrameworkException::forInvalidFile('edit_product.php')
 2 SYSTEMPATH\Common.php(1188): CodeIgniter\View\View->render('edit_product', [], true)
 3 APPPATH\Controllers\ProductController.php(39): view('edit_product', [...])
 4 SYSTEMPATH\CodeIgniter.php(919): App\Controllers\ProductController->getProduct('12')
 5 SYSTEMPATH\CodeIgniter.php(494): CodeIgniter\CodeIgniter->runController(Object(App\Controllers\ProductController))
 6 SYSTEMPATH\CodeIgniter.php(353): CodeIgniter\CodeIgniter->handleRequest(null, Object(Config\Cache), false)
 7 FCPATH\index.php(79): CodeIgniter\CodeIgniter->run()
 8 SYSTEMPATH\Commands\Server\rewrite.php(47): require_once('D:\\SEMESTER 3\\PRAKTIK PEMROGRAMAN BACK END\\pertemuan 1\\public\\index.php')
CRITICAL - 2023-09-29 11:52:10 --> Invalid file: "edit_product.php"
in SYSTEMPATH\Exceptions\FrameworkException.php on line 39.
 1 SYSTEMPATH\View\View.php(214): CodeIgniter\Exceptions\FrameworkException::forInvalidFile('edit_product.php')
 2 SYSTEMPATH\Common.php(1188): CodeIgniter\View\View->render('edit_product', [], true)
 3 APPPATH\Controllers\ProductController.php(39): view('edit_product', [...])
 4 SYSTEMPATH\CodeIgniter.php(919): App\Controllers\ProductController->getProduct('2')
 5 SYSTEMPATH\CodeIgniter.php(494): CodeIgniter\CodeIgniter->runController(Object(App\Controllers\ProductController))
 6 SYSTEMPATH\CodeIgniter.php(353): CodeIgniter\CodeIgniter->handleRequest(null, Object(Config\Cache), false)
 7 FCPATH\index.php(79): CodeIgniter\CodeIgniter->run()
 8 SYSTEMPATH\Commands\Server\rewrite.php(47): require_once('D:\\SEMESTER 3\\PRAKTIK PEMROGRAMAN BACK END\\pertemuan 1\\public\\index.php')
CRITICAL - 2023-09-29 11:55:48 --> Invalid file: "edit_product.php"
in SYSTEMPATH\Exceptions\FrameworkException.php on line 39.
 1 SYSTEMPATH\View\View.php(214): CodeIgniter\Exceptions\FrameworkException::forInvalidFile('edit_product.php')
 2 SYSTEMPATH\Common.php(1188): CodeIgniter\View\View->render('edit_product', [], true)
 3 APPPATH\Controllers\ProductController.php(39): view('edit_product', [...])
 4 SYSTEMPATH\CodeIgniter.php(919): App\Controllers\ProductController->getProduct('11')
 5 SYSTEMPATH\CodeIgniter.php(494): CodeIgniter\CodeIgniter->runController(Object(App\Controllers\ProductController))
 6 SYSTEMPATH\CodeIgniter.php(353): CodeIgniter\CodeIgniter->handleRequest(null, Object(Config\Cache), false)
 7 FCPATH\index.php(79): CodeIgniter\CodeIgniter->run()
 8 SYSTEMPATH\Commands\Server\rewrite.php(47): require_once('D:\\SEMESTER 3\\PRAKTIK PEMROGRAMAN BACK END\\pertemuan 1\\public\\index.php')
