ERROR - 2023-10-20 08:38:01 --> Error connecting to the database: mysqli_sql_exception: No connection could be made because the target machine actively refused it in D:\SEMESTER 3\PRAKTIK PEMROGRAMAN BACK END\pertemuan 1\system\Database\MySQLi\Connection.php:185
Stack trace:
#0 D:\SEMESTER 3\PRAKTIK PEMROGRAMAN BACK END\pertemuan 1\system\Database\MySQLi\Connection.php(185): mysqli->real_connect('localhost', 'root', '', 'backend-kelasd', 3306, '', 0)
#1 D:\SEMESTER 3\PRAKTIK PEMROGRAMAN BACK END\pertemuan 1\system\Database\BaseConnection.php(391): CodeIgniter\Database\MySQLi\Connection->connect(false)
#2 D:\SEMESTER 3\PRAKTIK PEMROGRAMAN BACK END\pertemuan 1\system\Database\BaseConnection.php(574): CodeIgniter\Database\BaseConnection->initialize()
#3 D:\SEMESTER 3\PRAKTIK PEMROGRAMAN BACK END\pertemuan 1\system\Database\BaseBuilder.php(1615): CodeIgniter\Database\BaseConnection->query('SELECT *\nFROM `...', Array, false)
#4 D:\SEMESTER 3\PRAKTIK PEMROGRAMAN BACK END\pertemuan 1\system\Model.php(237): CodeIgniter\Database\BaseBuilder->get()
#5 D:\SEMESTER 3\PRAKTIK PEMROGRAMAN BACK END\pertemuan 1\system\BaseModel.php(624): CodeIgniter\Model->doFindAll(0, 0)
#6 D:\SEMESTER 3\PRAKTIK PEMROGRAMAN BACK END\pertemuan 1\app\Controllers\ProductController.php(27): CodeIgniter\BaseModel->findAll()
#7 D:\SEMESTER 3\PRAKTIK PEMROGRAMAN BACK END\pertemuan 1\system\CodeIgniter.php(919): App\Controllers\ProductController->readProduct()
#8 D:\SEMESTER 3\PRAKTIK PEMROGRAMAN BACK END\pertemuan 1\system\CodeIgniter.php(494): CodeIgniter\CodeIgniter->runController(Object(App\Controllers\ProductController))
#9 D:\SEMESTER 3\PRAKTIK PEMROGRAMAN BACK END\pertemuan 1\system\CodeIgniter.php(353): CodeIgniter\CodeIgniter->handleRequest(NULL, Object(Config\Cache), false)
#10 D:\SEMESTER 3\PRAKTIK PEMROGRAMAN BACK END\pertemuan 1\public\index.php(79): CodeIgniter\CodeIgniter->run()
#11 D:\SEMESTER 3\PRAKTIK PEMROGRAMAN BACK END\pertemuan 1\system\Commands\Server\rewrite.php(47): require_once('D:\\SEMESTER 3\\P...')
#12 {main}

Next CodeIgniter\Database\Exceptions\DatabaseException: No connection could be made because the target machine actively refused it in D:\SEMESTER 3\PRAKTIK PEMROGRAMAN BACK END\pertemuan 1\system\Database\MySQLi\Connection.php:229
Stack trace:
#0 D:\SEMESTER 3\PRAKTIK PEMROGRAMAN BACK END\pertemuan 1\system\Database\BaseConnection.php(391): CodeIgniter\Database\MySQLi\Connection->connect(false)
#1 D:\SEMESTER 3\PRAKTIK PEMROGRAMAN BACK END\pertemuan 1\system\Database\BaseConnection.php(574): CodeIgniter\Database\BaseConnection->initialize()
#2 D:\SEMESTER 3\PRAKTIK PEMROGRAMAN BACK END\pertemuan 1\system\Database\BaseBuilder.php(1615): CodeIgniter\Database\BaseConnection->query('SELECT *\nFROM `...', Array, false)
#3 D:\SEMESTER 3\PRAKTIK PEMROGRAMAN BACK END\pertemuan 1\system\Model.php(237): CodeIgniter\Database\BaseBuilder->get()
#4 D:\SEMESTER 3\PRAKTIK PEMROGRAMAN BACK END\pertemuan 1\system\BaseModel.php(624): CodeIgniter\Model->doFindAll(0, 0)
#5 D:\SEMESTER 3\PRAKTIK PEMROGRAMAN BACK END\pertemuan 1\app\Controllers\ProductController.php(27): CodeIgniter\BaseModel->findAll()
#6 D:\SEMESTER 3\PRAKTIK PEMROGRAMAN BACK END\pertemuan 1\system\CodeIgniter.php(919): App\Controllers\ProductController->readProduct()
#7 D:\SEMESTER 3\PRAKTIK PEMROGRAMAN BACK END\pertemuan 1\system\CodeIgniter.php(494): CodeIgniter\CodeIgniter->runController(Object(App\Controllers\ProductController))
#8 D:\SEMESTER 3\PRAKTIK PEMROGRAMAN BACK END\pertemuan 1\system\CodeIgniter.php(353): CodeIgniter\CodeIgniter->handleRequest(NULL, Object(Config\Cache), false)
#9 D:\SEMESTER 3\PRAKTIK PEMROGRAMAN BACK END\pertemuan 1\public\index.php(79): CodeIgniter\CodeIgniter->run()
#10 D:\SEMESTER 3\PRAKTIK PEMROGRAMAN BACK END\pertemuan 1\system\Commands\Server\rewrite.php(47): require_once('D:\\SEMESTER 3\\P...')
#11 {main}
CRITICAL - 2023-10-20 08:38:01 --> Unable to connect to the database.
Main connection [MySQLi]: No connection could be made because the target machine actively refused it
in SYSTEMPATH\Database\BaseConnection.php on line 427.
 1 SYSTEMPATH\Database\BaseConnection.php(574): CodeIgniter\Database\BaseConnection->initialize()
 2 SYSTEMPATH\Database\BaseBuilder.php(1615): CodeIgniter\Database\BaseConnection->query('SELECT *
FROM `products`', [], false)
 3 SYSTEMPATH\Model.php(237): CodeIgniter\Database\BaseBuilder->get()
 4 SYSTEMPATH\BaseModel.php(624): CodeIgniter\Model->doFindAll(0, 0)
 5 APPPATH\Controllers\ProductController.php(27): CodeIgniter\BaseModel->findAll()
 6 SYSTEMPATH\CodeIgniter.php(919): App\Controllers\ProductController->readProduct()
 7 SYSTEMPATH\CodeIgniter.php(494): CodeIgniter\CodeIgniter->runController(Object(App\Controllers\ProductController))
 8 SYSTEMPATH\CodeIgniter.php(353): CodeIgniter\CodeIgniter->handleRequest(null, Object(Config\Cache), false)
 9 FCPATH\index.php(79): CodeIgniter\CodeIgniter->run()
10 SYSTEMPATH\Commands\Server\rewrite.php(47): require_once('D:\\SEMESTER 3\\PRAKTIK PEMROGRAMAN BACK END\\pertemuan 1\\public\\index.php')
